<?xml version="1.0" encoding="UTF-8"?>
<testng-results skipped="0" failed="0" total="1" passed="1">
  <reporter-output>
  </reporter-output>
  <suite name="Default suite" duration-ms="41152" started-at="2019-11-28T03:03:06Z" finished-at="2019-11-28T03:03:47Z">
    <groups>
    </groups>
    <test name="Default test" duration-ms="41152" started-at="2019-11-28T03:03:06Z" finished-at="2019-11-28T03:03:47Z">
      <class name="com.webtest.openSNS.login">
        <test-method status="PASS" signature="doBeforeClass()[pri:0, instance:com.webtest.openSNS.login@1ae369b7]" name="doBeforeClass" is-config="true" duration-ms="12874" started-at="2019-11-28T11:03:06Z" finished-at="2019-11-28T11:03:19Z">
          <reporter-output>
          </reporter-output>
        </test-method> <!-- doBeforeClass -->
        <test-method status="PASS" signature="testLogin(java.lang.String, java.lang.String)[pri:0, instance:com.webtest.openSNS.login@1ae369b7]" name="testLogin" duration-ms="27012" started-at="2019-11-28T11:03:20Z" description="name" data-provider="user_name" finished-at="2019-11-28T11:03:47Z">
          <params>
            <param index="0">
              <value>
                <![CDATA[18330919107@163.com]]>
              </value>
            </param>
            <param index="1">
              <value>
                <![CDATA[jww18330919107]]>
              </value>
            </param>
          </params>
          <reporter-output>
          </reporter-output>
        </test-method> <!-- testLogin -->
      </class> <!-- com.webtest.openSNS.login -->
    </test> <!-- Default test -->
  </suite> <!-- Default suite -->
</testng-results>
