<?xml version="1.0" encoding="UTF-8"?>
<!-- Generated by org.testng.reporters.JUnitXMLReporter -->
<testsuite hostname="DESKTOP-UDJ5PR4" name="test" tests="14" failures="0" timestamp="18 Dec 2019 09:40:09 GMT" time="1.132" errors="0">
  <testcase name="testLogin2" time="0.85" classname="com.edu.qingguo.LoginTest"/>
  <testcase name="testLogin3" time="0.01" classname="com.edu.qingguo.LoginTest"/>
  <testcase name="testLoginSuccess" time="0.014" classname="com.edu.qingguo.LoginTest"/>
  <testcase name="test1" time="0.011" classname="com.edu.qingguo.SkulistTest"/>
  <testcase name="test2" time="0.008" classname="com.edu.qingguo.SkulistTest"/>
  <testcase name="test3" time="0.013" classname="com.edu.qingguo.SkulistTest"/>
  <testcase name="testGetFee" time="0.041" classname="com.edu.qingguo.GetTransporFee"/>
  <testcase name="testGetFee1" time="0.032" classname="com.edu.qingguo.GetTransporFee"/>
  <testcase name="testList1" time="0.021" classname="com.edu.qingguo.AddressList"/>
  <testcase name="testList2" time="0.016" classname="com.edu.qingguo.AddressList"/>
  <testcase name="testSubmit" time="0.027" classname="com.edu.qingguo.Submit"/>
  <testcase name="testAdd1" time="0.02" classname="com.edu.qingguo.NewAddress"/>
  <testcase name="test1" time="0.017" classname="com.edu.qingguo.DeleteAddress"/>
  <testcase name="test2" time="0.019" classname="com.edu.qingguo.DeleteAddress"/>
</testsuite> <!-- test -->
