<?xml version="1.0" encoding="UTF-8"?>
<!-- Generated by org.testng.reporters.JUnitXMLReporter -->
<testsuite hostname="DESKTOP-UDJ5PR4" name="Default test" tests="3" failures="0" timestamp="16 Dec 2019 03:50:48 GMT" time="79.39" errors="0">
  <testcase name="HandlePeople1" time="15.705" classname="fengrao.Demo1"/>
  <testcase name="HandlePeople1" time="13.572" classname="fengrao.Demo1"/>
  <testcase name="HandlePeople1" time="13.69" classname="fengrao.Demo1"/>
</testsuite> <!-- Default test -->
