<?xml version="1.0" encoding="UTF-8"?>
<testng-results skipped="0" failed="75" total="381" passed="306">
  <reporter-output>
  </reporter-output>
  <suite name="Suite1" duration-ms="5721033" started-at="2019-12-12T07:05:18Z" finished-at="2019-12-12T08:40:39Z">
    <groups>
    </groups>
    <test name="test" duration-ms="5721033" started-at="2019-12-12T07:05:18Z" finished-at="2019-12-12T08:40:39Z">
      <class name="fengrao.Demo1">
        <test-method status="PASS" signature="doBeforeClass()[pri:0, instance:fengrao.Demo1@6debcae2]" name="doBeforeClass" is-config="true" duration-ms="4209" started-at="2019-12-12T15:28:31Z" finished-at="2019-12-12T15:28:36Z">
          <reporter-output>
          </reporter-output>
        </test-method> <!-- doBeforeClass -->
        <test-method status="PASS" signature="login()[pri:0, instance:fengrao.Demo1@6debcae2]" name="login" is-config="true" duration-ms="16858" started-at="2019-12-12T15:28:36Z" finished-at="2019-12-12T15:28:52Z">
          <reporter-output>
          </reporter-output>
        </test-method> <!-- login -->
        <test-method status="PASS" signature="FindByContent()[pri:0, instance:fengrao.Demo1@6debcae2]" name="FindByContent" duration-ms="6557" started-at="2019-12-12T15:28:52Z" description="根据摘要关键字查找" finished-at="2019-12-12T15:28:59Z">
          <reporter-output>
          </reporter-output>
        </test-method> <!-- FindByContent -->
        <test-method status="PASS" signature="FindByContent1()[pri:0, instance:fengrao.Demo1@6debcae2]" name="FindByContent1" duration-ms="5973" started-at="2019-12-12T15:28:59Z" description="根据空内容查找" finished-at="2019-12-12T15:29:05Z">
          <reporter-output>
          </reporter-output>
        </test-method> <!-- FindByContent1 -->
        <test-method status="PASS" signature="FindBytitle1()[pri:0, instance:fengrao.Demo1@6debcae2]" name="FindBytitle1" duration-ms="8886" started-at="2019-12-12T15:29:05Z" description="根据不存在的内容查找" finished-at="2019-12-12T15:29:14Z">
          <reporter-output>
          </reporter-output>
        </test-method> <!-- FindBytitle1 -->
        <test-method status="PASS" signature="FindBytitle2()[pri:0, instance:fengrao.Demo1@6debcae2]" name="FindBytitle2" duration-ms="8117" started-at="2019-12-12T15:29:14Z" description="根据标题查找" finished-at="2019-12-12T15:29:22Z">
          <reporter-output>
          </reporter-output>
        </test-method> <!-- FindBytitle2 -->
        <test-method status="PASS" signature="FindPeopleByAddress1()[pri:0, instance:fengrao.Demo1@6debcae2]" name="FindPeopleByAddress1" duration-ms="21756" started-at="2019-12-12T15:29:22Z" description="按地区找人并关注，有用户存在的地区" finished-at="2019-12-12T15:29:44Z">
          <reporter-output>
          </reporter-output>
        </test-method> <!-- FindPeopleByAddress1 -->
        <test-method status="PASS" signature="FindPeopleByAddress2()[pri:0, instance:fengrao.Demo1@6debcae2]" name="FindPeopleByAddress2" duration-ms="20655" started-at="2019-12-12T15:29:44Z" description="按地区找人并关注，无用户存在的地区" finished-at="2019-12-12T15:30:04Z">
          <reporter-output>
          </reporter-output>
        </test-method> <!-- FindPeopleByAddress2 -->
        <test-method status="PASS" signature="FindPeopleByName1()[pri:0, instance:fengrao.Demo1@6debcae2]" name="FindPeopleByName1" duration-ms="6784" started-at="2019-12-12T15:30:04Z" description="查找存在的用户" finished-at="2019-12-12T15:30:11Z">
          <reporter-output>
          </reporter-output>
        </test-method> <!-- FindPeopleByName1 -->
        <test-method status="PASS" signature="FindPeopleByName2()[pri:0, instance:fengrao.Demo1@6debcae2]" name="FindPeopleByName2" duration-ms="6759" started-at="2019-12-12T15:30:11Z" description="查找空值" finished-at="2019-12-12T15:30:18Z">
          <reporter-output>
          </reporter-output>
        </test-method> <!-- FindPeopleByName2 -->
        <test-method status="PASS" signature="FindPeopleByName3()[pri:0, instance:fengrao.Demo1@6debcae2]" name="FindPeopleByName3" duration-ms="6811" started-at="2019-12-12T15:30:18Z" description="查找不存在的用户" finished-at="2019-12-12T15:30:25Z">
          <reporter-output>
          </reporter-output>
        </test-method> <!-- FindPeopleByName3 -->
        <test-method status="PASS" signature="FindPeopleByStatus1()[pri:0, instance:fengrao.Demo1@6debcae2]" name="FindPeopleByStatus1" duration-ms="7794" started-at="2019-12-12T15:30:25Z" description="查找开发者" finished-at="2019-12-12T15:30:33Z">
          <reporter-output>
          </reporter-output>
        </test-method> <!-- FindPeopleByStatus1 -->
        <test-method status="PASS" signature="FindPeopleByStatus2()[pri:0, instance:fengrao.Demo1@6debcae2]" name="FindPeopleByStatus2" duration-ms="4024" started-at="2019-12-12T15:30:33Z" description="查找站长" finished-at="2019-12-12T15:30:37Z">
          <reporter-output>
          </reporter-output>
        </test-method> <!-- FindPeopleByStatus2 -->
        <test-method status="PASS" signature="FindPeopleByStatus3()[pri:0, instance:fengrao.Demo1@6debcae2]" name="FindPeopleByStatus3" duration-ms="7744" started-at="2019-12-12T15:30:37Z" description="普通用户" finished-at="2019-12-12T15:30:44Z">
          <reporter-output>
          </reporter-output>
        </test-method> <!-- FindPeopleByStatus3 -->
        <test-method status="PASS" signature="HandlePeople1(java.lang.String)[pri:0, instance:fengrao.Demo1@6debcae2]" name="HandlePeople1" duration-ms="13522" started-at="2019-12-12T15:30:44Z" description="进入用户个人主页取消关注" data-provider="TestData" finished-at="2019-12-12T15:30:58Z">
          <params>
            <param index="0">
              <value>
                <![CDATA[feng1]]>
              </value>
            </param>
          </params>
          <reporter-output>
          </reporter-output>
        </test-method> <!-- HandlePeople1 -->
        <test-method status="PASS" signature="HandlePeople1(java.lang.String)[pri:0, instance:fengrao.Demo1@6debcae2]" name="HandlePeople1" duration-ms="13294" started-at="2019-12-12T15:30:58Z" description="进入用户个人主页取消关注" data-provider="TestData" finished-at="2019-12-12T15:31:11Z">
          <params>
            <param index="0">
              <value>
                <![CDATA[feng2]]>
              </value>
            </param>
          </params>
          <reporter-output>
          </reporter-output>
        </test-method> <!-- HandlePeople1 -->
        <test-method status="PASS" signature="HandlePeople1(java.lang.String)[pri:0, instance:fengrao.Demo1@6debcae2]" name="HandlePeople1" duration-ms="13432" started-at="2019-12-12T15:31:11Z" description="进入用户个人主页取消关注" data-provider="TestData" finished-at="2019-12-12T15:31:25Z">
          <params>
            <param index="0">
              <value>
                <![CDATA[feng3]]>
              </value>
            </param>
          </params>
          <reporter-output>
          </reporter-output>
        </test-method> <!-- HandlePeople1 -->
        <test-method status="PASS" signature="HandlePeople2(java.lang.String)[pri:0, instance:fengrao.Demo1@6debcae2]" name="HandlePeople2" duration-ms="15328" started-at="2019-12-12T15:31:25Z" description="关注用户" data-provider="TestData" finished-at="2019-12-12T15:31:40Z">
          <params>
            <param index="0">
              <value>
                <![CDATA[feng1]]>
              </value>
            </param>
          </params>
          <reporter-output>
          </reporter-output>
        </test-method> <!-- HandlePeople2 -->
        <test-method status="PASS" signature="HandlePeople2(java.lang.String)[pri:0, instance:fengrao.Demo1@6debcae2]" name="HandlePeople2" duration-ms="15456" started-at="2019-12-12T15:31:40Z" description="关注用户" data-provider="TestData" finished-at="2019-12-12T15:31:56Z">
          <params>
            <param index="0">
              <value>
                <![CDATA[feng2]]>
              </value>
            </param>
          </params>
          <reporter-output>
          </reporter-output>
        </test-method> <!-- HandlePeople2 -->
        <test-method status="PASS" signature="HandlePeople2(java.lang.String)[pri:0, instance:fengrao.Demo1@6debcae2]" name="HandlePeople2" duration-ms="15654" started-at="2019-12-12T15:31:56Z" description="关注用户" data-provider="TestData" finished-at="2019-12-12T15:32:11Z">
          <params>
            <param index="0">
              <value>
                <![CDATA[feng3]]>
              </value>
            </param>
          </params>
          <reporter-output>
          </reporter-output>
        </test-method> <!-- HandlePeople2 -->
        <test-method status="FAIL" signature="HandlePeople3()[pri:0, instance:fengrao.Demo1@6debcae2]" name="HandlePeople3" duration-ms="24117" started-at="2019-12-12T15:32:11Z" description="指定用户显示的粉丝人数变化" finished-at="2019-12-12T15:32:35Z">
          <exception class="java.lang.AssertionError">
            <message>
              <![CDATA[expected [true] but found [false]]]>
            </message>
            <full-stacktrace>
              <![CDATA[java.lang.AssertionError: expected [true] but found [false]
	at org.testng.Assert.fail(Assert.java:94)
	at org.testng.Assert.failNotEquals(Assert.java:513)
	at org.testng.Assert.assertTrue(Assert.java:42)
	at org.testng.Assert.assertTrue(Assert.java:52)
	at fengrao.Demo1.HandlePeople3(Demo1.java:165)
	at sun.reflect.NativeMethodAccessorImpl.invoke0(Native Method)
	at sun.reflect.NativeMethodAccessorImpl.invoke(NativeMethodAccessorImpl.java:62)
	at sun.reflect.DelegatingMethodAccessorImpl.invoke(DelegatingMethodAccessorImpl.java:43)
	at java.lang.reflect.Method.invoke(Method.java:497)
	at org.testng.internal.MethodInvocationHelper.invokeMethod(MethodInvocationHelper.java:86)
	at org.testng.internal.Invoker.invokeMethod(Invoker.java:645)
	at org.testng.internal.Invoker.invokeTestMethod(Invoker.java:822)
	at org.testng.internal.Invoker.invokeTestMethods(Invoker.java:1130)
	at org.testng.internal.TestMethodWorker.invokeTestMethods(TestMethodWorker.java:129)
	at org.testng.internal.TestMethodWorker.run(TestMethodWorker.java:112)
	at org.testng.TestRunner.privateRun(TestRunner.java:782)
	at org.testng.TestRunner.run(TestRunner.java:632)
	at org.testng.SuiteRunner.runTest(SuiteRunner.java:366)
	at org.testng.SuiteRunner.runSequentially(SuiteRunner.java:361)
	at org.testng.SuiteRunner.privateRun(SuiteRunner.java:319)
	at org.testng.SuiteRunner.run(SuiteRunner.java:268)
	at org.testng.SuiteRunnerWorker.runSuite(SuiteRunnerWorker.java:52)
	at org.testng.SuiteRunnerWorker.run(SuiteRunnerWorker.java:86)
	at org.testng.TestNG.runSuitesSequentially(TestNG.java:1244)
	at org.testng.TestNG.runSuitesLocally(TestNG.java:1169)
	at org.testng.TestNG.run(TestNG.java:1064)
	at org.testng.remote.RemoteTestNG.run(RemoteTestNG.java:113)
	at org.testng.remote.RemoteTestNG.initAndRun(RemoteTestNG.java:206)
	at org.testng.remote.RemoteTestNG.main(RemoteTestNG.java:177)
]]>
            </full-stacktrace>
          </exception> <!-- java.lang.AssertionError -->
          <reporter-output>
          </reporter-output>
        </test-method> <!-- HandlePeople3 -->
        <test-method status="FAIL" signature="HandlePeople4()[pri:0, instance:fengrao.Demo1@6debcae2]" name="HandlePeople4" duration-ms="20977" started-at="2019-12-12T15:32:35Z" description="登录用户的关注人数变化" finished-at="2019-12-12T15:32:56Z">
          <exception class="java.lang.AssertionError">
            <message>
              <![CDATA[expected [true] but found [false]]]>
            </message>
            <full-stacktrace>
              <![CDATA[java.lang.AssertionError: expected [true] but found [false]
	at org.testng.Assert.fail(Assert.java:94)
	at org.testng.Assert.failNotEquals(Assert.java:513)
	at org.testng.Assert.assertTrue(Assert.java:42)
	at org.testng.Assert.assertTrue(Assert.java:52)
	at fengrao.Demo1.HandlePeople4(Demo1.java:195)
	at sun.reflect.NativeMethodAccessorImpl.invoke0(Native Method)
	at sun.reflect.NativeMethodAccessorImpl.invoke(NativeMethodAccessorImpl.java:62)
	at sun.reflect.DelegatingMethodAccessorImpl.invoke(DelegatingMethodAccessorImpl.java:43)
	at java.lang.reflect.Method.invoke(Method.java:497)
	at org.testng.internal.MethodInvocationHelper.invokeMethod(MethodInvocationHelper.java:86)
	at org.testng.internal.Invoker.invokeMethod(Invoker.java:645)
	at org.testng.internal.Invoker.invokeTestMethod(Invoker.java:822)
	at org.testng.internal.Invoker.invokeTestMethods(Invoker.java:1130)
	at org.testng.internal.TestMethodWorker.invokeTestMethods(TestMethodWorker.java:129)
	at org.testng.internal.TestMethodWorker.run(TestMethodWorker.java:112)
	at org.testng.TestRunner.privateRun(TestRunner.java:782)
	at org.testng.TestRunner.run(TestRunner.java:632)
	at org.testng.SuiteRunner.runTest(SuiteRunner.java:366)
	at org.testng.SuiteRunner.runSequentially(SuiteRunner.java:361)
	at org.testng.SuiteRunner.privateRun(SuiteRunner.java:319)
	at org.testng.SuiteRunner.run(SuiteRunner.java:268)
	at org.testng.SuiteRunnerWorker.runSuite(SuiteRunnerWorker.java:52)
	at org.testng.SuiteRunnerWorker.run(SuiteRunnerWorker.java:86)
	at org.testng.TestNG.runSuitesSequentially(TestNG.java:1244)
	at org.testng.TestNG.runSuitesLocally(TestNG.java:1169)
	at org.testng.TestNG.run(TestNG.java:1064)
	at org.testng.remote.RemoteTestNG.run(RemoteTestNG.java:113)
	at org.testng.remote.RemoteTestNG.initAndRun(RemoteTestNG.java:206)
	at org.testng.remote.RemoteTestNG.main(RemoteTestNG.java:177)
]]>
            </full-stacktrace>
          </exception> <!-- java.lang.AssertionError -->
          <reporter-output>
          </reporter-output>
        </test-method> <!-- HandlePeople4 -->
        <test-method status="PASS" signature="HandlePeople5()[pri:0, instance:fengrao.Demo1@6debcae2]" name="HandlePeople5" duration-ms="16219" started-at="2019-12-12T15:32:56Z" description="对指定用户发起聊天" finished-at="2019-12-12T15:33:13Z">
          <reporter-output>
          </reporter-output>
        </test-method> <!-- HandlePeople5 -->
        <test-method status="PASS" signature="test1()[pri:0, instance:fengrao.Demo1@6debcae2]" name="test1" duration-ms="7581" started-at="2019-12-12T15:33:13Z" description="国内新闻分类下的资讯列表显示" finished-at="2019-12-12T15:33:20Z">
          <reporter-output>
          </reporter-output>
        </test-method> <!-- test1 -->
        <test-method status="PASS" signature="test10()[pri:0, instance:fengrao.Demo1@6debcae2]" name="test10" duration-ms="7472" started-at="2019-12-12T15:33:20Z" description="我的投稿" finished-at="2019-12-12T15:33:28Z">
          <reporter-output>
          </reporter-output>
        </test-method> <!-- test10 -->
        <test-method status="PASS" signature="test2()[pri:0, instance:fengrao.Demo1@6debcae2]" name="test2" duration-ms="7486" started-at="2019-12-12T15:33:28Z" description="默认分类分类下的资讯列表显示" finished-at="2019-12-12T15:33:35Z">
          <reporter-output>
          </reporter-output>
        </test-method> <!-- test2 -->
        <test-method status="PASS" signature="test4()[pri:0, instance:fengrao.Demo1@6debcae2]" name="test4" duration-ms="9136" started-at="2019-12-12T15:33:35Z" description="轮播图片的变换,右侧按钮" finished-at="2019-12-12T15:33:44Z">
          <reporter-output>
          </reporter-output>
        </test-method> <!-- test4 -->
        <test-method status="FAIL" signature="test5()[pri:0, instance:fengrao.Demo1@6debcae2]" name="test5" duration-ms="5910" started-at="2019-12-12T15:33:44Z" description="轮播图片的变换,左侧按钮" finished-at="2019-12-12T15:33:50Z">
          <exception class="org.openqa.selenium.ElementNotInteractableException">
            <message>
              <![CDATA[Element <a id="btn_prev" href="javascript:;"> could not be scrolled into view
Build info: version: '3.141.59', revision: 'e82be7d358', time: '2018-11-14T08:25:53'
System info: host: 'DESKTOP-UDJ5PR4', ip: '169.254.170.10', os.name: 'Windows 10', os.arch: 'amd64', os.version: '10.0', java.version: '1.8.0_73'
Driver info: org.openqa.selenium.firefox.FirefoxDriver
Capabilities {acceptInsecureCerts: true, browserName: firefox, browserVersion: 65.0.2, javascriptEnabled: true, moz:accessibilityChecks: false, moz:geckodriverVersion: 0.24.0, moz:headless: false, moz:processID: 508, moz:profile: C:\Users\dell\AppData\Local..., moz:shutdownTimeout: 60000, moz:useNonSpecCompliantPointerOrigin: false, moz:webdriverClick: true, pageLoadStrategy: normal, platform: WINDOWS, platformName: WINDOWS, platformVersion: 10.0, rotatable: false, setWindowRect: true, strictFileInteractability: false, timeouts: {implicit: 0, pageLoad: 300000, script: 30000}, unhandledPromptBehavior: dismiss and notify}
Session ID: 511a8d68-b418-4d7e-b273-77c8d52c2161]]>
            </message>
            <full-stacktrace>
              <![CDATA[org.openqa.selenium.ElementNotInteractableException: Element <a id="btn_prev" href="javascript:;"> could not be scrolled into view
Build info: version: '3.141.59', revision: 'e82be7d358', time: '2018-11-14T08:25:53'
System info: host: 'DESKTOP-UDJ5PR4', ip: '169.254.170.10', os.name: 'Windows 10', os.arch: 'amd64', os.version: '10.0', java.version: '1.8.0_73'
Driver info: org.openqa.selenium.firefox.FirefoxDriver
Capabilities {acceptInsecureCerts: true, browserName: firefox, browserVersion: 65.0.2, javascriptEnabled: true, moz:accessibilityChecks: false, moz:geckodriverVersion: 0.24.0, moz:headless: false, moz:processID: 508, moz:profile: C:\Users\dell\AppData\Local..., moz:shutdownTimeout: 60000, moz:useNonSpecCompliantPointerOrigin: false, moz:webdriverClick: true, pageLoadStrategy: normal, platform: WINDOWS, platformName: WINDOWS, platformVersion: 10.0, rotatable: false, setWindowRect: true, strictFileInteractability: false, timeouts: {implicit: 0, pageLoad: 300000, script: 30000}, unhandledPromptBehavior: dismiss and notify}
Session ID: 511a8d68-b418-4d7e-b273-77c8d52c2161
	at sun.reflect.NativeConstructorAccessorImpl.newInstance0(Native Method)
	at sun.reflect.NativeConstructorAccessorImpl.newInstance(NativeConstructorAccessorImpl.java:62)
	at sun.reflect.DelegatingConstructorAccessorImpl.newInstance(DelegatingConstructorAccessorImpl.java:45)
	at java.lang.reflect.Constructor.newInstance(Constructor.java:422)
	at org.openqa.selenium.remote.http.W3CHttpResponseCodec.createException(W3CHttpResponseCodec.java:187)
	at org.openqa.selenium.remote.http.W3CHttpResponseCodec.decode(W3CHttpResponseCodec.java:122)
	at org.openqa.selenium.remote.http.W3CHttpResponseCodec.decode(W3CHttpResponseCodec.java:49)
	at org.openqa.selenium.remote.HttpCommandExecutor.execute(HttpCommandExecutor.java:158)
	at org.openqa.selenium.remote.service.DriverCommandExecutor.execute(DriverCommandExecutor.java:83)
	at org.openqa.selenium.remote.RemoteWebDriver.execute(RemoteWebDriver.java:552)
	at org.openqa.selenium.remote.RemoteWebElement.execute(RemoteWebElement.java:285)
	at org.openqa.selenium.remote.RemoteWebElement.click(RemoteWebElement.java:84)
	at com.webtest.core.WebDriverEngine.click(WebDriverEngine.java:140)
	at fengrao.Demo1.test5(Demo1.java:321)
	at sun.reflect.NativeMethodAccessorImpl.invoke0(Native Method)
	at sun.reflect.NativeMethodAccessorImpl.invoke(NativeMethodAccessorImpl.java:62)
	at sun.reflect.DelegatingMethodAccessorImpl.invoke(DelegatingMethodAccessorImpl.java:43)
	at java.lang.reflect.Method.invoke(Method.java:497)
	at org.testng.internal.MethodInvocationHelper.invokeMethod(MethodInvocationHelper.java:86)
	at org.testng.internal.Invoker.invokeMethod(Invoker.java:645)
	at org.testng.internal.Invoker.invokeTestMethod(Invoker.java:822)
	at org.testng.internal.Invoker.invokeTestMethods(Invoker.java:1130)
	at org.testng.internal.TestMethodWorker.invokeTestMethods(TestMethodWorker.java:129)
	at org.testng.internal.TestMethodWorker.run(TestMethodWorker.java:112)
	at org.testng.TestRunner.privateRun(TestRunner.java:782)
	at org.testng.TestRunner.run(TestRunner.java:632)
	at org.testng.SuiteRunner.runTest(SuiteRunner.java:366)
	at org.testng.SuiteRunner.runSequentially(SuiteRunner.java:361)
	at org.testng.SuiteRunner.privateRun(SuiteRunner.java:319)
	at org.testng.SuiteRunner.run(SuiteRunner.java:268)
	at org.testng.SuiteRunnerWorker.runSuite(SuiteRunnerWorker.java:52)
	at org.testng.SuiteRunnerWorker.run(SuiteRunnerWorker.java:86)
	at org.testng.TestNG.runSuitesSequentially(TestNG.java:1244)
	at org.testng.TestNG.runSuitesLocally(TestNG.java:1169)
	at org.testng.TestNG.run(TestNG.java:1064)
	at org.testng.remote.RemoteTestNG.run(RemoteTestNG.java:113)
	at org.testng.remote.RemoteTestNG.initAndRun(RemoteTestNG.java:206)
	at org.testng.remote.RemoteTestNG.main(RemoteTestNG.java:177)
]]>
            </full-stacktrace>
          </exception> <!-- org.openqa.selenium.ElementNotInteractableException -->
          <reporter-output>
          </reporter-output>
        </test-method> <!-- test5 -->
        <test-method status="PASS" signature="test6(java.lang.String, java.lang.String)[pri:0, instance:fengrao.Demo1@6debcae2]" name="test6" duration-ms="5892" started-at="2019-12-12T15:33:50Z" description="轮播图片的变换,右下侧按钮，测每一个按钮" data-provider="number" finished-at="2019-12-12T15:33:56Z">
          <params>
            <param index="0">
              <value>
                <![CDATA[1]]>
              </value>
            </param>
            <param index="1">
              <value>
                <![CDATA[广告1]]>
              </value>
            </param>
          </params>
          <reporter-output>
          </reporter-output>
        </test-method> <!-- test6 -->
        <test-method status="PASS" signature="test6(java.lang.String, java.lang.String)[pri:0, instance:fengrao.Demo1@6debcae2]" name="test6" duration-ms="5961" started-at="2019-12-12T15:33:56Z" description="轮播图片的变换,右下侧按钮，测每一个按钮" data-provider="number" finished-at="2019-12-12T15:34:02Z">
          <params>
            <param index="0">
              <value>
                <![CDATA[2]]>
              </value>
            </param>
            <param index="1">
              <value>
                <![CDATA[广告2]]>
              </value>
            </param>
          </params>
          <reporter-output>
          </reporter-output>
        </test-method> <!-- test6 -->
        <test-method status="FAIL" signature="test6(java.lang.String, java.lang.String)[pri:0, instance:fengrao.Demo1@6debcae2]" name="test6" duration-ms="6025" started-at="2019-12-12T15:34:02Z" description="轮播图片的变换,右下侧按钮，测每一个按钮" data-provider="number" finished-at="2019-12-12T15:34:08Z">
          <params>
            <param index="0">
              <value>
                <![CDATA[3]]>
              </value>
            </param>
            <param index="1">
              <value>
                <![CDATA[广告3]]>
              </value>
            </param>
          </params>
          <exception class="java.lang.AssertionError">
            <message>
              <![CDATA[expected [true] but found [false]]]>
            </message>
            <full-stacktrace>
              <![CDATA[java.lang.AssertionError: expected [true] but found [false]
	at org.testng.Assert.fail(Assert.java:94)
	at org.testng.Assert.failNotEquals(Assert.java:513)
	at org.testng.Assert.assertTrue(Assert.java:42)
	at org.testng.Assert.assertTrue(Assert.java:52)
	at fengrao.Demo1.test6(Demo1.java:331)
	at sun.reflect.NativeMethodAccessorImpl.invoke0(Native Method)
	at sun.reflect.NativeMethodAccessorImpl.invoke(NativeMethodAccessorImpl.java:62)
	at sun.reflect.DelegatingMethodAccessorImpl.invoke(DelegatingMethodAccessorImpl.java:43)
	at java.lang.reflect.Method.invoke(Method.java:497)
	at org.testng.internal.MethodInvocationHelper.invokeMethod(MethodInvocationHelper.java:86)
	at org.testng.internal.Invoker.invokeMethod(Invoker.java:645)
	at org.testng.internal.Invoker.invokeTestMethod(Invoker.java:822)
	at org.testng.internal.Invoker.invokeTestMethods(Invoker.java:1130)
	at org.testng.internal.TestMethodWorker.invokeTestMethods(TestMethodWorker.java:129)
	at org.testng.internal.TestMethodWorker.run(TestMethodWorker.java:112)
	at org.testng.TestRunner.privateRun(TestRunner.java:782)
	at org.testng.TestRunner.run(TestRunner.java:632)
	at org.testng.SuiteRunner.runTest(SuiteRunner.java:366)
	at org.testng.SuiteRunner.runSequentially(SuiteRunner.java:361)
	at org.testng.SuiteRunner.privateRun(SuiteRunner.java:319)
	at org.testng.SuiteRunner.run(SuiteRunner.java:268)
	at org.testng.SuiteRunnerWorker.runSuite(SuiteRunnerWorker.java:52)
	at org.testng.SuiteRunnerWorker.run(SuiteRunnerWorker.java:86)
	at org.testng.TestNG.runSuitesSequentially(TestNG.java:1244)
	at org.testng.TestNG.runSuitesLocally(TestNG.java:1169)
	at org.testng.TestNG.run(TestNG.java:1064)
	at org.testng.remote.RemoteTestNG.run(RemoteTestNG.java:113)
	at org.testng.remote.RemoteTestNG.initAndRun(RemoteTestNG.java:206)
	at org.testng.remote.RemoteTestNG.main(RemoteTestNG.java:177)
]]>
            </full-stacktrace>
          </exception> <!-- java.lang.AssertionError -->
          <reporter-output>
          </reporter-output>
        </test-method> <!-- test6 -->
        <test-method status="PASS" signature="test7()[pri:0, instance:fengrao.Demo1@6debcae2]" name="test7" duration-ms="15709" started-at="2019-12-12T15:34:08Z" description="投稿:不填写任何内容" finished-at="2019-12-12T15:34:24Z">
          <reporter-output>
          </reporter-output>
        </test-method> <!-- test7 -->
        <test-method status="PASS" signature="test8()[pri:0, instance:fengrao.Demo1@6debcae2]" name="test8" duration-ms="13002" started-at="2019-12-12T15:34:24Z" description="投稿:不填写任何内容，点击返回" finished-at="2019-12-12T15:34:37Z">
          <reporter-output>
          </reporter-output>
        </test-method> <!-- test8 -->
        <test-method status="FAIL" signature="test9()[pri:0, instance:fengrao.Demo1@6debcae2]" name="test9" duration-ms="13133" started-at="2019-12-12T15:34:37Z" description="投稿:填写内容后，点击返回" finished-at="2019-12-12T15:34:50Z">
          <exception class="java.lang.AssertionError">
            <message>
              <![CDATA[expected [true] but found [false]]]>
            </message>
            <full-stacktrace>
              <![CDATA[java.lang.AssertionError: expected [true] but found [false]
	at org.testng.Assert.fail(Assert.java:94)
	at org.testng.Assert.failNotEquals(Assert.java:513)
	at org.testng.Assert.assertTrue(Assert.java:42)
	at org.testng.Assert.assertTrue(Assert.java:52)
	at fengrao.Demo1.test9(Demo1.java:378)
	at sun.reflect.NativeMethodAccessorImpl.invoke0(Native Method)
	at sun.reflect.NativeMethodAccessorImpl.invoke(NativeMethodAccessorImpl.java:62)
	at sun.reflect.DelegatingMethodAccessorImpl.invoke(DelegatingMethodAccessorImpl.java:43)
	at java.lang.reflect.Method.invoke(Method.java:497)
	at org.testng.internal.MethodInvocationHelper.invokeMethod(MethodInvocationHelper.java:86)
	at org.testng.internal.Invoker.invokeMethod(Invoker.java:645)
	at org.testng.internal.Invoker.invokeTestMethod(Invoker.java:822)
	at org.testng.internal.Invoker.invokeTestMethods(Invoker.java:1130)
	at org.testng.internal.TestMethodWorker.invokeTestMethods(TestMethodWorker.java:129)
	at org.testng.internal.TestMethodWorker.run(TestMethodWorker.java:112)
	at org.testng.TestRunner.privateRun(TestRunner.java:782)
	at org.testng.TestRunner.run(TestRunner.java:632)
	at org.testng.SuiteRunner.runTest(SuiteRunner.java:366)
	at org.testng.SuiteRunner.runSequentially(SuiteRunner.java:361)
	at org.testng.SuiteRunner.privateRun(SuiteRunner.java:319)
	at org.testng.SuiteRunner.run(SuiteRunner.java:268)
	at org.testng.SuiteRunnerWorker.runSuite(SuiteRunnerWorker.java:52)
	at org.testng.SuiteRunnerWorker.run(SuiteRunnerWorker.java:86)
	at org.testng.TestNG.runSuitesSequentially(TestNG.java:1244)
	at org.testng.TestNG.runSuitesLocally(TestNG.java:1169)
	at org.testng.TestNG.run(TestNG.java:1064)
	at org.testng.remote.RemoteTestNG.run(RemoteTestNG.java:113)
	at org.testng.remote.RemoteTestNG.initAndRun(RemoteTestNG.java:206)
	at org.testng.remote.RemoteTestNG.main(RemoteTestNG.java:177)
]]>
            </full-stacktrace>
          </exception> <!-- java.lang.AssertionError -->
          <reporter-output>
          </reporter-output>
        </test-method> <!-- test9 -->
        <test-method status="PASS" signature="doAfterClass()[pri:0, instance:fengrao.Demo1@6debcae2]" name="doAfterClass" is-config="true" duration-ms="1449" started-at="2019-12-12T15:34:50Z" finished-at="2019-12-12T15:34:51Z">
          <reporter-output>
          </reporter-output>
        </test-method> <!-- doAfterClass -->
      </class> <!-- fengrao.Demo1 -->
      <class name="fengrao.Demo2">
        <test-method status="PASS" signature="doBeforeClass()[pri:0, instance:fengrao.Demo2@5ba23b66]" name="doBeforeClass" is-config="true" duration-ms="4163" started-at="2019-12-12T15:34:51Z" finished-at="2019-12-12T15:34:56Z">
          <reporter-output>
          </reporter-output>
        </test-method> <!-- doBeforeClass -->
        <test-method status="PASS" signature="login()[pri:0, instance:fengrao.Demo2@5ba23b66]" name="login" is-config="true" duration-ms="16677" started-at="2019-12-12T15:34:56Z" finished-at="2019-12-12T15:35:12Z">
          <reporter-output>
          </reporter-output>
        </test-method> <!-- login -->
        <test-method status="PASS" signature="Inti()[pri:0, instance:fengrao.Demo2@5ba23b66]" name="Inti" is-config="true" duration-ms="6982" started-at="2019-12-12T15:35:12Z" finished-at="2019-12-12T15:35:19Z">
          <reporter-output>
          </reporter-output>
        </test-method> <!-- Inti -->
        <test-method status="PASS" signature="test1()[pri:0, instance:fengrao.Demo2@5ba23b66]" name="test1" duration-ms="6293" started-at="2019-12-12T15:35:19Z" description="通过点击资讯的标题进入详情页" finished-at="2019-12-12T15:35:26Z">
          <reporter-output>
          </reporter-output>
        </test-method> <!-- test1 -->
        <test-method status="PASS" signature="loginOut()[pri:0, instance:fengrao.Demo2@5ba23b66]" name="loginOut" is-config="true" duration-ms="3706" started-at="2019-12-12T15:35:26Z" finished-at="2019-12-12T15:35:29Z">
          <reporter-output>
          </reporter-output>
        </test-method> <!-- loginOut -->
        <test-method status="PASS" signature="Inti()[pri:0, instance:fengrao.Demo2@5ba23b66]" name="Inti" is-config="true" duration-ms="6902" started-at="2019-12-12T15:35:29Z" finished-at="2019-12-12T15:35:36Z">
          <reporter-output>
          </reporter-output>
        </test-method> <!-- Inti -->
        <test-method status="PASS" signature="test2()[pri:0, instance:fengrao.Demo2@5ba23b66]" name="test2" duration-ms="6362" started-at="2019-12-12T15:35:36Z" description="通过点击资讯的图片进入详情页" finished-at="2019-12-12T15:35:42Z">
          <reporter-output>
          </reporter-output>
        </test-method> <!-- test2 -->
        <test-method status="PASS" signature="loginOut()[pri:0, instance:fengrao.Demo2@5ba23b66]" name="loginOut" is-config="true" duration-ms="3654" started-at="2019-12-12T15:35:42Z" finished-at="2019-12-12T15:35:46Z">
          <reporter-output>
          </reporter-output>
        </test-method> <!-- loginOut -->
        <test-method status="PASS" signature="Inti()[pri:0, instance:fengrao.Demo2@5ba23b66]" name="Inti" is-config="true" duration-ms="6838" started-at="2019-12-12T15:35:46Z" finished-at="2019-12-12T15:35:53Z">
          <reporter-output>
          </reporter-output>
        </test-method> <!-- Inti -->
        <test-method status="PASS" signature="test3(java.lang.String, java.lang.String)[pri:0, instance:fengrao.Demo2@5ba23b66]" name="test3" duration-ms="14969" started-at="2019-12-12T15:35:53Z" description="进入资讯详细界面输入不同的内容进行分享" data-provider="con" finished-at="2019-12-12T15:36:08Z">
          <params>
            <param index="0">
              <value>
                <![CDATA[]]>
              </value>
            </param>
            <param index="1">
              <value>
                <![CDATA[发表 Ctrl+Enter]]>
              </value>
            </param>
          </params>
          <reporter-output>
          </reporter-output>
        </test-method> <!-- test3 -->
        <test-method status="PASS" signature="loginOut()[pri:0, instance:fengrao.Demo2@5ba23b66]" name="loginOut" is-config="true" duration-ms="3718" started-at="2019-12-12T15:36:08Z" finished-at="2019-12-12T15:36:12Z">
          <reporter-output>
          </reporter-output>
        </test-method> <!-- loginOut -->
        <test-method status="PASS" signature="Inti()[pri:0, instance:fengrao.Demo2@5ba23b66]" name="Inti" is-config="true" duration-ms="6832" started-at="2019-12-12T15:36:12Z" finished-at="2019-12-12T15:36:19Z">
          <reporter-output>
          </reporter-output>
        </test-method> <!-- Inti -->
        <test-method status="PASS" signature="test3(java.lang.String, java.lang.String)[pri:0, instance:fengrao.Demo2@5ba23b66]" name="test3" duration-ms="15005" started-at="2019-12-12T15:36:19Z" description="进入资讯详细界面输入不同的内容进行分享" data-provider="con" finished-at="2019-12-12T15:36:34Z">
          <params>
            <param index="0">
              <value>
                <![CDATA[11]]>
              </value>
            </param>
            <param index="1">
              <value>
                <![CDATA[分享成功]]>
              </value>
            </param>
          </params>
          <reporter-output>
          </reporter-output>
        </test-method> <!-- test3 -->
        <test-method status="PASS" signature="loginOut()[pri:0, instance:fengrao.Demo2@5ba23b66]" name="loginOut" is-config="true" duration-ms="3807" started-at="2019-12-12T15:36:34Z" finished-at="2019-12-12T15:36:37Z">
          <reporter-output>
          </reporter-output>
        </test-method> <!-- loginOut -->
        <test-method status="PASS" signature="Inti()[pri:0, instance:fengrao.Demo2@5ba23b66]" name="Inti" is-config="true" duration-ms="6943" started-at="2019-12-12T15:36:37Z" finished-at="2019-12-12T15:36:44Z">
          <reporter-output>
          </reporter-output>
        </test-method> <!-- Inti -->
        <test-method status="PASS" signature="test3(java.lang.String, java.lang.String)[pri:0, instance:fengrao.Demo2@5ba23b66]" name="test3" duration-ms="15083" started-at="2019-12-12T15:36:44Z" description="进入资讯详细界面输入不同的内容进行分享" data-provider="con" finished-at="2019-12-12T15:36:59Z">
          <params>
            <param index="0">
              <value>
                <![CDATA[非常棒]]>
              </value>
            </param>
            <param index="1">
              <value>
                <![CDATA[分享成功]]>
              </value>
            </param>
          </params>
          <reporter-output>
          </reporter-output>
        </test-method> <!-- test3 -->
        <test-method status="PASS" signature="loginOut()[pri:0, instance:fengrao.Demo2@5ba23b66]" name="loginOut" is-config="true" duration-ms="3908" started-at="2019-12-12T15:36:59Z" finished-at="2019-12-12T15:37:03Z">
          <reporter-output>
          </reporter-output>
        </test-method> <!-- loginOut -->
        <test-method status="PASS" signature="Inti()[pri:0, instance:fengrao.Demo2@5ba23b66]" name="Inti" is-config="true" duration-ms="6892" started-at="2019-12-12T15:37:03Z" finished-at="2019-12-12T15:37:10Z">
          <reporter-output>
          </reporter-output>
        </test-method> <!-- Inti -->
        <test-method status="PASS" signature="test3(java.lang.String, java.lang.String)[pri:0, instance:fengrao.Demo2@5ba23b66]" name="test3" duration-ms="15095" started-at="2019-12-12T15:37:10Z" description="进入资讯详细界面输入不同的内容进行分享" data-provider="con" finished-at="2019-12-12T15:37:25Z">
          <params>
            <param index="0">
              <value>
                <![CDATA[这个资讯里面有很多的内容，这个资讯里面有很多的内容，这个资讯里面有很多的内容，这个资讯里面有很多的内容]]>
              </value>
            </param>
            <param index="1">
              <value>
                <![CDATA[分享成功]]>
              </value>
            </param>
          </params>
          <reporter-output>
          </reporter-output>
        </test-method> <!-- test3 -->
        <test-method status="PASS" signature="loginOut()[pri:0, instance:fengrao.Demo2@5ba23b66]" name="loginOut" is-config="true" duration-ms="3864" started-at="2019-12-12T15:37:25Z" finished-at="2019-12-12T15:37:29Z">
          <reporter-output>
          </reporter-output>
        </test-method> <!-- loginOut -->
        <test-method status="PASS" signature="Inti()[pri:0, instance:fengrao.Demo2@5ba23b66]" name="Inti" is-config="true" duration-ms="6873" started-at="2019-12-12T15:37:29Z" finished-at="2019-12-12T15:37:36Z">
          <reporter-output>
          </reporter-output>
        </test-method> <!-- Inti -->
        <test-method status="PASS" signature="test3(java.lang.String, java.lang.String)[pri:0, instance:fengrao.Demo2@5ba23b66]" name="test3" duration-ms="15007" started-at="2019-12-12T15:37:36Z" description="进入资讯详细界面输入不同的内容进行分享" data-provider="con" finished-at="2019-12-12T15:37:51Z">
          <params>
            <param index="0">
              <value>
                <![CDATA[##$]]>
              </value>
            </param>
            <param index="1">
              <value>
                <![CDATA[分享成功]]>
              </value>
            </param>
          </params>
          <reporter-output>
          </reporter-output>
        </test-method> <!-- test3 -->
        <test-method status="PASS" signature="loginOut()[pri:0, instance:fengrao.Demo2@5ba23b66]" name="loginOut" is-config="true" duration-ms="3866" started-at="2019-12-12T15:37:51Z" finished-at="2019-12-12T15:37:55Z">
          <reporter-output>
          </reporter-output>
        </test-method> <!-- loginOut -->
        <test-method status="PASS" signature="Inti()[pri:0, instance:fengrao.Demo2@5ba23b66]" name="Inti" is-config="true" duration-ms="6961" started-at="2019-12-12T15:37:55Z" finished-at="2019-12-12T15:38:02Z">
          <reporter-output>
          </reporter-output>
        </test-method> <!-- Inti -->
        <test-method status="PASS" signature="test4()[pri:0, instance:fengrao.Demo2@5ba23b66]" name="test4" duration-ms="23529" started-at="2019-12-12T15:38:02Z" description="进入资讯详细界面输入表情进行分享" finished-at="2019-12-12T15:38:25Z">
          <reporter-output>
          </reporter-output>
        </test-method> <!-- test4 -->
        <test-method status="PASS" signature="loginOut()[pri:0, instance:fengrao.Demo2@5ba23b66]" name="loginOut" is-config="true" duration-ms="3791" started-at="2019-12-12T15:38:25Z" finished-at="2019-12-12T15:38:29Z">
          <reporter-output>
          </reporter-output>
        </test-method> <!-- loginOut -->
        <test-method status="PASS" signature="Inti()[pri:0, instance:fengrao.Demo2@5ba23b66]" name="Inti" is-config="true" duration-ms="6959" started-at="2019-12-12T15:38:29Z" finished-at="2019-12-12T15:38:36Z">
          <reporter-output>
          </reporter-output>
        </test-method> <!-- Inti -->
        <test-method status="PASS" signature="test5(java.lang.String, java.lang.String)[pri:0, instance:fengrao.Demo2@5ba23b66]" name="test5" duration-ms="13684" started-at="2019-12-12T15:38:36Z" description="点击分享到后面的链接的网站" data-provider="con1" finished-at="2019-12-12T15:38:50Z">
          <params>
            <param index="0">
              <value>
                <![CDATA[分享到QQ空间]]>
              </value>
            </param>
            <param index="1">
              <value>
                <![CDATA[QQ空间]]>
              </value>
            </param>
          </params>
          <reporter-output>
          </reporter-output>
        </test-method> <!-- test5 -->
        <test-method status="PASS" signature="loginOut()[pri:0, instance:fengrao.Demo2@5ba23b66]" name="loginOut" is-config="true" duration-ms="3836" started-at="2019-12-12T15:38:50Z" finished-at="2019-12-12T15:38:54Z">
          <reporter-output>
          </reporter-output>
        </test-method> <!-- loginOut -->
        <test-method status="PASS" signature="Inti()[pri:0, instance:fengrao.Demo2@5ba23b66]" name="Inti" is-config="true" duration-ms="6886" started-at="2019-12-12T15:38:54Z" finished-at="2019-12-12T15:39:01Z">
          <reporter-output>
          </reporter-output>
        </test-method> <!-- Inti -->
        <test-method status="PASS" signature="test5(java.lang.String, java.lang.String)[pri:0, instance:fengrao.Demo2@5ba23b66]" name="test5" duration-ms="13517" started-at="2019-12-12T15:39:01Z" description="点击分享到后面的链接的网站" data-provider="con1" finished-at="2019-12-12T15:39:14Z">
          <params>
            <param index="0">
              <value>
                <![CDATA[分享到新浪微博]]>
              </value>
            </param>
            <param index="1">
              <value>
                <![CDATA[登录]]>
              </value>
            </param>
          </params>
          <reporter-output>
          </reporter-output>
        </test-method> <!-- test5 -->
        <test-method status="PASS" signature="loginOut()[pri:0, instance:fengrao.Demo2@5ba23b66]" name="loginOut" is-config="true" duration-ms="3646" started-at="2019-12-12T15:39:14Z" finished-at="2019-12-12T15:39:18Z">
          <reporter-output>
          </reporter-output>
        </test-method> <!-- loginOut -->
        <test-method status="PASS" signature="Inti()[pri:0, instance:fengrao.Demo2@5ba23b66]" name="Inti" is-config="true" duration-ms="6892" started-at="2019-12-12T15:39:18Z" finished-at="2019-12-12T15:39:25Z">
          <reporter-output>
          </reporter-output>
        </test-method> <!-- Inti -->
        <test-method status="FAIL" signature="test5(java.lang.String, java.lang.String)[pri:0, instance:fengrao.Demo2@5ba23b66]" name="test5" duration-ms="13662" started-at="2019-12-12T15:39:25Z" description="点击分享到后面的链接的网站" data-provider="con1" finished-at="2019-12-12T15:39:38Z">
          <params>
            <param index="0">
              <value>
                <![CDATA[分享到腾讯微博]]>
              </value>
            </param>
            <param index="1">
              <value>
                <![CDATA[腾讯网]]>
              </value>
            </param>
          </params>
          <exception class="java.lang.AssertionError">
            <message>
              <![CDATA[expected [true] but found [false]]]>
            </message>
            <full-stacktrace>
              <![CDATA[java.lang.AssertionError: expected [true] but found [false]
	at org.testng.Assert.fail(Assert.java:94)
	at org.testng.Assert.failNotEquals(Assert.java:513)
	at org.testng.Assert.assertTrue(Assert.java:42)
	at org.testng.Assert.assertTrue(Assert.java:52)
	at fengrao.Demo2.test5(Demo2.java:111)
	at sun.reflect.NativeMethodAccessorImpl.invoke0(Native Method)
	at sun.reflect.NativeMethodAccessorImpl.invoke(NativeMethodAccessorImpl.java:62)
	at sun.reflect.DelegatingMethodAccessorImpl.invoke(DelegatingMethodAccessorImpl.java:43)
	at java.lang.reflect.Method.invoke(Method.java:497)
	at org.testng.internal.MethodInvocationHelper.invokeMethod(MethodInvocationHelper.java:86)
	at org.testng.internal.Invoker.invokeMethod(Invoker.java:645)
	at org.testng.internal.Invoker.invokeTestMethod(Invoker.java:822)
	at org.testng.internal.Invoker.invokeTestMethods(Invoker.java:1130)
	at org.testng.internal.TestMethodWorker.invokeTestMethods(TestMethodWorker.java:129)
	at org.testng.internal.TestMethodWorker.run(TestMethodWorker.java:112)
	at org.testng.TestRunner.privateRun(TestRunner.java:782)
	at org.testng.TestRunner.run(TestRunner.java:632)
	at org.testng.SuiteRunner.runTest(SuiteRunner.java:366)
	at org.testng.SuiteRunner.runSequentially(SuiteRunner.java:361)
	at org.testng.SuiteRunner.privateRun(SuiteRunner.java:319)
	at org.testng.SuiteRunner.run(SuiteRunner.java:268)
	at org.testng.SuiteRunnerWorker.runSuite(SuiteRunnerWorker.java:52)
	at org.testng.SuiteRunnerWorker.run(SuiteRunnerWorker.java:86)
	at org.testng.TestNG.runSuitesSequentially(TestNG.java:1244)
	at org.testng.TestNG.runSuitesLocally(TestNG.java:1169)
	at org.testng.TestNG.run(TestNG.java:1064)
	at org.testng.remote.RemoteTestNG.run(RemoteTestNG.java:113)
	at org.testng.remote.RemoteTestNG.initAndRun(RemoteTestNG.java:206)
	at org.testng.remote.RemoteTestNG.main(RemoteTestNG.java:177)
]]>
            </full-stacktrace>
          </exception> <!-- java.lang.AssertionError -->
          <reporter-output>
          </reporter-output>
        </test-method> <!-- test5 -->
        <test-method status="PASS" signature="loginOut()[pri:0, instance:fengrao.Demo2@5ba23b66]" name="loginOut" is-config="true" duration-ms="3665" started-at="2019-12-12T15:39:38Z" finished-at="2019-12-12T15:39:42Z">
          <reporter-output>
          </reporter-output>
        </test-method> <!-- loginOut -->
        <test-method status="PASS" signature="Inti()[pri:0, instance:fengrao.Demo2@5ba23b66]" name="Inti" is-config="true" duration-ms="6920" started-at="2019-12-12T15:39:42Z" finished-at="2019-12-12T15:39:49Z">
          <reporter-output>
          </reporter-output>
        </test-method> <!-- Inti -->
        <test-method status="PASS" signature="test5(java.lang.String, java.lang.String)[pri:0, instance:fengrao.Demo2@5ba23b66]" name="test5" duration-ms="13634" started-at="2019-12-12T15:39:49Z" description="点击分享到后面的链接的网站" data-provider="con1" finished-at="2019-12-12T15:40:03Z">
          <params>
            <param index="0">
              <value>
                <![CDATA[分享到人人网]]>
              </value>
            </param>
            <param index="1">
              <value>
                <![CDATA[人人分享]]>
              </value>
            </param>
          </params>
          <reporter-output>
          </reporter-output>
        </test-method> <!-- test5 -->
        <test-method status="PASS" signature="loginOut()[pri:0, instance:fengrao.Demo2@5ba23b66]" name="loginOut" is-config="true" duration-ms="3800" started-at="2019-12-12T15:40:03Z" finished-at="2019-12-12T15:40:06Z">
          <reporter-output>
          </reporter-output>
        </test-method> <!-- loginOut -->
        <test-method status="PASS" signature="Inti()[pri:0, instance:fengrao.Demo2@5ba23b66]" name="Inti" is-config="true" duration-ms="6829" started-at="2019-12-12T15:40:06Z" finished-at="2019-12-12T15:40:13Z">
          <reporter-output>
          </reporter-output>
        </test-method> <!-- Inti -->
        <test-method status="PASS" signature="test5(java.lang.String, java.lang.String)[pri:0, instance:fengrao.Demo2@5ba23b66]" name="test5" duration-ms="13579" started-at="2019-12-12T15:40:13Z" description="点击分享到后面的链接的网站" data-provider="con1" finished-at="2019-12-12T15:40:27Z">
          <params>
            <param index="0">
              <value>
                <![CDATA[分享到百度贴吧]]>
              </value>
            </param>
            <param index="1">
              <value>
                <![CDATA[贴吧]]>
              </value>
            </param>
          </params>
          <reporter-output>
          </reporter-output>
        </test-method> <!-- test5 -->
        <test-method status="PASS" signature="loginOut()[pri:0, instance:fengrao.Demo2@5ba23b66]" name="loginOut" is-config="true" duration-ms="3786" started-at="2019-12-12T15:40:27Z" finished-at="2019-12-12T15:40:31Z">
          <reporter-output>
          </reporter-output>
        </test-method> <!-- loginOut -->
        <test-method status="PASS" signature="Inti()[pri:0, instance:fengrao.Demo2@5ba23b66]" name="Inti" is-config="true" duration-ms="6910" started-at="2019-12-12T15:40:31Z" finished-at="2019-12-12T15:40:37Z">
          <reporter-output>
          </reporter-output>
        </test-method> <!-- Inti -->
        <test-method status="PASS" signature="test51()[pri:0, instance:fengrao.Demo2@5ba23b66]" name="test51" duration-ms="11592" started-at="2019-12-12T15:40:37Z" description="点击分享到微信" finished-at="2019-12-12T15:40:49Z">
          <reporter-output>
          </reporter-output>
        </test-method> <!-- test51 -->
        <test-method status="PASS" signature="loginOut()[pri:0, instance:fengrao.Demo2@5ba23b66]" name="loginOut" is-config="true" duration-ms="3648" started-at="2019-12-12T15:40:49Z" finished-at="2019-12-12T15:40:53Z">
          <reporter-output>
          </reporter-output>
        </test-method> <!-- loginOut -->
        <test-method status="PASS" signature="Inti()[pri:0, instance:fengrao.Demo2@5ba23b66]" name="Inti" is-config="true" duration-ms="6929" started-at="2019-12-12T15:40:53Z" finished-at="2019-12-12T15:41:00Z">
          <reporter-output>
          </reporter-output>
        </test-method> <!-- Inti -->
        <test-method status="PASS" signature="test52()[pri:0, instance:fengrao.Demo2@5ba23b66]" name="test52" duration-ms="10423" started-at="2019-12-12T15:41:00Z" description="点击分享到到复制网址" finished-at="2019-12-12T15:41:10Z">
          <reporter-output>
          </reporter-output>
        </test-method> <!-- test52 -->
        <test-method status="PASS" signature="loginOut()[pri:0, instance:fengrao.Demo2@5ba23b66]" name="loginOut" is-config="true" duration-ms="3725" started-at="2019-12-12T15:41:10Z" finished-at="2019-12-12T15:41:14Z">
          <reporter-output>
          </reporter-output>
        </test-method> <!-- loginOut -->
        <test-method status="PASS" signature="Inti()[pri:0, instance:fengrao.Demo2@5ba23b66]" name="Inti" is-config="true" duration-ms="6975" started-at="2019-12-12T15:41:14Z" finished-at="2019-12-12T15:41:21Z">
          <reporter-output>
          </reporter-output>
        </test-method> <!-- Inti -->
        <test-method status="PASS" signature="test7()[pri:0, instance:fengrao.Demo2@5ba23b66]" name="test7" duration-ms="9717" started-at="2019-12-12T15:41:21Z" description="评论空内容" finished-at="2019-12-12T15:41:31Z">
          <reporter-output>
          </reporter-output>
        </test-method> <!-- test7 -->
        <test-method status="PASS" signature="loginOut()[pri:0, instance:fengrao.Demo2@5ba23b66]" name="loginOut" is-config="true" duration-ms="3669" started-at="2019-12-12T15:41:31Z" finished-at="2019-12-12T15:41:34Z">
          <reporter-output>
          </reporter-output>
        </test-method> <!-- loginOut -->
        <test-method status="PASS" signature="Inti()[pri:0, instance:fengrao.Demo2@5ba23b66]" name="Inti" is-config="true" duration-ms="6883" started-at="2019-12-12T15:41:34Z" finished-at="2019-12-12T15:41:41Z">
          <reporter-output>
          </reporter-output>
        </test-method> <!-- Inti -->
        <test-method status="PASS" signature="test8()[pri:0, instance:fengrao.Demo2@5ba23b66]" name="test8" duration-ms="13128" started-at="2019-12-12T15:41:41Z" description="回复评论" finished-at="2019-12-12T15:41:54Z">
          <reporter-output>
          </reporter-output>
        </test-method> <!-- test8 -->
        <test-method status="PASS" signature="loginOut()[pri:0, instance:fengrao.Demo2@5ba23b66]" name="loginOut" is-config="true" duration-ms="3631" started-at="2019-12-12T15:41:54Z" finished-at="2019-12-12T15:41:58Z">
          <reporter-output>
          </reporter-output>
        </test-method> <!-- loginOut -->
        <test-method status="PASS" signature="Inti()[pri:0, instance:fengrao.Demo2@5ba23b66]" name="Inti" is-config="true" duration-ms="6944" started-at="2019-12-12T15:41:58Z" finished-at="2019-12-12T15:42:05Z">
          <reporter-output>
          </reporter-output>
        </test-method> <!-- Inti -->
        <test-method status="PASS" signature="test9()[pri:0, instance:fengrao.Demo2@5ba23b66]" name="test9" duration-ms="9705" started-at="2019-12-12T15:42:05Z" description="删除评论" finished-at="2019-12-12T15:42:14Z">
          <reporter-output>
          </reporter-output>
        </test-method> <!-- test9 -->
        <test-method status="PASS" signature="loginOut()[pri:0, instance:fengrao.Demo2@5ba23b66]" name="loginOut" is-config="true" duration-ms="3678" started-at="2019-12-12T15:42:14Z" finished-at="2019-12-12T15:42:18Z">
          <reporter-output>
          </reporter-output>
        </test-method> <!-- loginOut -->
        <test-method status="PASS" signature="doAfterClass()[pri:0, instance:fengrao.Demo2@5ba23b66]" name="doAfterClass" is-config="true" duration-ms="1713" started-at="2019-12-12T15:42:18Z" finished-at="2019-12-12T15:42:20Z">
          <reporter-output>
          </reporter-output>
        </test-method> <!-- doAfterClass -->
      </class> <!-- fengrao.Demo2 -->
      <class name="jiaweiwen.usercenter">
        <test-method status="PASS" signature="doBeforeClass()[pri:0, instance:jiaweiwen.usercenter@7cf10a6f]" name="doBeforeClass" is-config="true" duration-ms="4164" started-at="2019-12-12T15:18:41Z" finished-at="2019-12-12T15:18:45Z">
          <reporter-output>
          </reporter-output>
        </test-method> <!-- doBeforeClass -->
        <test-method status="PASS" signature="testusercenterSuccess()[pri:0, instance:jiaweiwen.usercenter@7cf10a6f]" name="testusercenterSuccess" duration-ms="27462" started-at="2019-12-12T15:18:45Z" description="查看未读消息" finished-at="2019-12-12T15:19:13Z">
          <reporter-output>
          </reporter-output>
        </test-method> <!-- testusercenterSuccess -->
        <test-method status="PASS" signature="testusercenterSuccess2()[pri:0, instance:jiaweiwen.usercenter@7cf10a6f]" name="testusercenterSuccess2" duration-ms="3827" started-at="2019-12-12T15:19:13Z" description="查看全部消息" finished-at="2019-12-12T15:19:17Z">
          <reporter-output>
          </reporter-output>
        </test-method> <!-- testusercenterSuccess2 -->
        <test-method status="PASS" signature="testusercenterSuccess3()[pri:0, instance:jiaweiwen.usercenter@7cf10a6f]" name="testusercenterSuccess3" duration-ms="3731" started-at="2019-12-12T15:19:17Z" description="查看系统消息" finished-at="2019-12-12T15:19:20Z">
          <reporter-output>
          </reporter-output>
        </test-method> <!-- testusercenterSuccess3 -->
        <test-method status="PASS" signature="testusercenterSuccess4()[pri:0, instance:jiaweiwen.usercenter@7cf10a6f]" name="testusercenterSuccess4" duration-ms="3782" started-at="2019-12-12T15:19:20Z" description="查看用户消息" finished-at="2019-12-12T15:19:24Z">
          <reporter-output>
          </reporter-output>
        </test-method> <!-- testusercenterSuccess4 -->
        <test-method status="PASS" signature="testusercenterSuccess5()[pri:0, instance:jiaweiwen.usercenter@7cf10a6f]" name="testusercenterSuccess5" duration-ms="3637" started-at="2019-12-12T15:19:24Z" description="查看应用消息" finished-at="2019-12-12T15:19:28Z">
          <reporter-output>
          </reporter-output>
        </test-method> <!-- testusercenterSuccess5 -->
        <test-method status="PASS" signature="testusercenterSuccess6()[pri:0, instance:jiaweiwen.usercenter@7cf10a6f]" name="testusercenterSuccess6" duration-ms="4060" started-at="2019-12-12T15:19:28Z" description="查看论坛帖子收藏" finished-at="2019-12-12T15:19:32Z">
          <reporter-output>
          </reporter-output>
        </test-method> <!-- testusercenterSuccess6 -->
        <test-method status="PASS" signature="testusercenterSuccess7()[pri:0, instance:jiaweiwen.usercenter@7cf10a6f]" name="testusercenterSuccess7" duration-ms="3739" started-at="2019-12-12T15:19:32Z" description="群组帖子收藏" finished-at="2019-12-12T15:19:36Z">
          <reporter-output>
          </reporter-output>
        </test-method> <!-- testusercenterSuccess7 -->
        <test-method status="PASS" signature="testusercenterSuccess8()[pri:0, instance:jiaweiwen.usercenter@7cf10a6f]" name="testusercenterSuccess8" duration-ms="7649" started-at="2019-12-12T15:19:36Z" description="生成邀请码" finished-at="2019-12-12T15:19:43Z">
          <reporter-output>
          </reporter-output>
        </test-method> <!-- testusercenterSuccess8 -->
        <test-method status="PASS" signature="testusercenterSuccess9()[pri:0, instance:jiaweiwen.usercenter@7cf10a6f]" name="testusercenterSuccess9" duration-ms="7055" started-at="2019-12-12T15:19:43Z" description="邀请码列表" finished-at="2019-12-12T15:19:50Z">
          <reporter-output>
          </reporter-output>
        </test-method> <!-- testusercenterSuccess9 -->
        <test-method status="PASS" signature="doAfterClass()[pri:0, instance:jiaweiwen.usercenter@7cf10a6f]" name="doAfterClass" is-config="true" duration-ms="1239" started-at="2019-12-12T15:19:50Z" finished-at="2019-12-12T15:19:51Z">
          <reporter-output>
          </reporter-output>
        </test-method> <!-- doAfterClass -->
      </class> <!-- jiaweiwen.usercenter -->
      <class name="jiaweiwen.register">
        <test-method status="PASS" signature="doBeforeClass()[pri:0, instance:jiaweiwen.register@45c8e616]" name="doBeforeClass" is-config="true" duration-ms="8254" started-at="2019-12-12T15:05:18Z" finished-at="2019-12-12T15:05:27Z">
          <reporter-output>
          </reporter-output>
        </test-method> <!-- doBeforeClass -->
        <test-method status="PASS" signature="testRegister(java.lang.String, java.lang.String, java.lang.String, java.lang.String)[pri:0, instance:jiaweiwen.register@45c8e616]" name="testRegister" duration-ms="26000" started-at="2019-12-12T15:05:28Z" description="邮箱注册" data-provider="register_name1" finished-at="2019-12-12T15:05:54Z">
          <params>
            <param index="0">
              <value>
                <![CDATA[18330919107@163.com]]>
              </value>
            </param>
            <param index="1">
              <value>
                <![CDATA[user1]]>
              </value>
            </param>
            <param index="2">
              <value>
                <![CDATA[user123456]]>
              </value>
            </param>
            <param index="3">
              <value>
                <![CDATA[直接登录]]>
              </value>
            </param>
          </params>
          <reporter-output>
          </reporter-output>
        </test-method> <!-- testRegister -->
        <test-method status="PASS" signature="testRegister(java.lang.String, java.lang.String, java.lang.String, java.lang.String)[pri:0, instance:jiaweiwen.register@45c8e616]" name="testRegister" duration-ms="23720" started-at="2019-12-12T15:05:54Z" description="邮箱注册" data-provider="register_name1" finished-at="2019-12-12T15:06:18Z">
          <params>
            <param index="0">
              <value>
                <![CDATA[18330919107@163.com]]>
              </value>
            </param>
            <param index="1">
              <value>
                <![CDATA[jiaweiwen]]>
              </value>
            </param>
            <param index="2">
              <value>
                <![CDATA[jww18330919107]]>
              </value>
            </param>
            <param index="3">
              <value>
                <![CDATA[直接登录]]>
              </value>
            </param>
          </params>
          <reporter-output>
          </reporter-output>
        </test-method> <!-- testRegister -->
        <test-method status="PASS" signature="testRegister(java.lang.String, java.lang.String, java.lang.String, java.lang.String)[pri:0, instance:jiaweiwen.register@45c8e616]" name="testRegister" duration-ms="23663" started-at="2019-12-12T15:06:18Z" description="邮箱注册" data-provider="register_name1" finished-at="2019-12-12T15:06:42Z">
          <params>
            <param index="0">
              <value>
                <![CDATA[18330919107@163.com]]>
              </value>
            </param>
            <param index="1">
              <value>
                <![CDATA[user3]]>
              </value>
            </param>
            <param index="2">
              <value>
                <![CDATA[hhhhhhhhhhhhhhhhhhhhhhhhhhhhhhhh]]>
              </value>
            </param>
            <param index="3">
              <value>
                <![CDATA[直接登录]]>
              </value>
            </param>
          </params>
          <reporter-output>
          </reporter-output>
        </test-method> <!-- testRegister -->
        <test-method status="PASS" signature="testRegister(java.lang.String, java.lang.String, java.lang.String, java.lang.String)[pri:0, instance:jiaweiwen.register@45c8e616]" name="testRegister" duration-ms="23610" started-at="2019-12-12T15:06:42Z" description="邮箱注册" data-provider="register_name1" finished-at="2019-12-12T15:07:05Z">
          <params>
            <param index="0">
              <value>
                <![CDATA[18330919107]]>
              </value>
            </param>
            <param index="1">
              <value>
                <![CDATA[user4]]>
              </value>
            </param>
            <param index="2">
              <value>
                <![CDATA[user123456]]>
              </value>
            </param>
            <param index="3">
              <value>
                <![CDATA[直接登录]]>
              </value>
            </param>
          </params>
          <reporter-output>
          </reporter-output>
        </test-method> <!-- testRegister -->
        <test-method status="PASS" signature="testRegister(java.lang.String, java.lang.String, java.lang.String, java.lang.String)[pri:0, instance:jiaweiwen.register@45c8e616]" name="testRegister" duration-ms="23509" started-at="2019-12-12T15:07:05Z" description="邮箱注册" data-provider="register_name1" finished-at="2019-12-12T15:07:29Z">
          <params>
            <param index="0">
              <value>
                <![CDATA[272904051@qq.com]]>
              </value>
            </param>
            <param index="1">
              <value>
                <![CDATA[jiaweiwen]]>
              </value>
            </param>
            <param index="2">
              <value>
                <![CDATA[user123456]]>
              </value>
            </param>
            <param index="3">
              <value>
                <![CDATA[直接登录]]>
              </value>
            </param>
          </params>
          <reporter-output>
          </reporter-output>
        </test-method> <!-- testRegister -->
        <test-method status="PASS" signature="testRegister(java.lang.String, java.lang.String, java.lang.String, java.lang.String)[pri:0, instance:jiaweiwen.register@45c8e616]" name="testRegister" duration-ms="23645" started-at="2019-12-12T15:07:29Z" description="邮箱注册" data-provider="register_name1" finished-at="2019-12-12T15:07:52Z">
          <params>
            <param index="0">
              <value>
                <![CDATA[272904051@qq.com]]>
              </value>
            </param>
            <param index="1">
              <value>
                <![CDATA[&&&&&&&&]]>
              </value>
            </param>
            <param index="2">
              <value>
                <![CDATA[user123456]]>
              </value>
            </param>
            <param index="3">
              <value>
                <![CDATA[直接登录]]>
              </value>
            </param>
          </params>
          <reporter-output>
          </reporter-output>
        </test-method> <!-- testRegister -->
        <test-method status="PASS" signature="testRegister(java.lang.String, java.lang.String, java.lang.String, java.lang.String)[pri:0, instance:jiaweiwen.register@45c8e616]" name="testRegister" duration-ms="23733" started-at="2019-12-12T15:07:52Z" description="邮箱注册" data-provider="register_name1" finished-at="2019-12-12T15:08:16Z">
          <params>
            <param index="0">
              <value>
                <![CDATA[272904051@qq.com]]>
              </value>
            </param>
            <param index="1">
              <value>
                <![CDATA[h]]>
              </value>
            </param>
            <param index="2">
              <value>
                <![CDATA[user123456]]>
              </value>
            </param>
            <param index="3">
              <value>
                <![CDATA[直接登录]]>
              </value>
            </param>
          </params>
          <reporter-output>
          </reporter-output>
        </test-method> <!-- testRegister -->
        <test-method status="PASS" signature="testRegister(java.lang.String, java.lang.String, java.lang.String, java.lang.String)[pri:0, instance:jiaweiwen.register@45c8e616]" name="testRegister" duration-ms="23958" started-at="2019-12-12T15:08:16Z" description="邮箱注册" data-provider="register_name1" finished-at="2019-12-12T15:08:40Z">
          <params>
            <param index="0">
              <value>
                <![CDATA[272904051@qq.com]]>
              </value>
            </param>
            <param index="1">
              <value>
                <![CDATA[hello1]]>
              </value>
            </param>
            <param index="2">
              <value>
                <![CDATA[123456]]>
              </value>
            </param>
            <param index="3">
              <value>
                <![CDATA[直接登录]]>
              </value>
            </param>
          </params>
          <reporter-output>
          </reporter-output>
        </test-method> <!-- testRegister -->
        <test-method status="PASS" signature="testRegister(java.lang.String, java.lang.String, java.lang.String, java.lang.String)[pri:0, instance:jiaweiwen.register@45c8e616]" name="testRegister" duration-ms="24029" started-at="2019-12-12T15:08:40Z" description="邮箱注册" data-provider="register_name1" finished-at="2019-12-12T15:09:04Z">
          <params>
            <param index="0">
              <value>
                <![CDATA[272904051@qq.com]]>
              </value>
            </param>
            <param index="1">
              <value>
                <![CDATA[]]>
              </value>
            </param>
            <param index="2">
              <value>
                <![CDATA[123456]]>
              </value>
            </param>
            <param index="3">
              <value>
                <![CDATA[直接登录]]>
              </value>
            </param>
          </params>
          <reporter-output>
          </reporter-output>
        </test-method> <!-- testRegister -->
        <test-method status="FAIL" signature="testRegisterByPhoneSuccess(java.lang.String, java.lang.String, java.lang.String, java.lang.String)[pri:0, instance:jiaweiwen.register@45c8e616]" name="testRegisterByPhoneSuccess" duration-ms="206713" started-at="2019-12-12T15:09:04Z" description="手机注册" data-provider="register_name2" finished-at="2019-12-12T15:12:31Z">
          <exception class="org.testng.TestNGException">
            <message>
              <![CDATA[
The data provider is trying to pass 3 parameters but the method jiaweiwen.register#testRegisterByPhoneSuccess takes 4 and TestNG is unable in inject a suitable object]]>
            </message>
            <full-stacktrace>
              <![CDATA[org.testng.TestNGException: 
The data provider is trying to pass 3 parameters but the method jiaweiwen.register#testRegisterByPhoneSuccess takes 4 and TestNG is unable in inject a suitable object
	at org.testng.internal.Invoker.injectParameters(Invoker.java:1255)
	at org.testng.internal.Invoker.invokeTestMethods(Invoker.java:1124)
	at org.testng.internal.TestMethodWorker.invokeTestMethods(TestMethodWorker.java:129)
	at org.testng.internal.TestMethodWorker.run(TestMethodWorker.java:112)
	at org.testng.TestRunner.privateRun(TestRunner.java:782)
	at org.testng.TestRunner.run(TestRunner.java:632)
	at org.testng.SuiteRunner.runTest(SuiteRunner.java:366)
	at org.testng.SuiteRunner.runSequentially(SuiteRunner.java:361)
	at org.testng.SuiteRunner.privateRun(SuiteRunner.java:319)
	at org.testng.SuiteRunner.run(SuiteRunner.java:268)
	at org.testng.SuiteRunnerWorker.runSuite(SuiteRunnerWorker.java:52)
	at org.testng.SuiteRunnerWorker.run(SuiteRunnerWorker.java:86)
	at org.testng.TestNG.runSuitesSequentially(TestNG.java:1244)
	at org.testng.TestNG.runSuitesLocally(TestNG.java:1169)
	at org.testng.TestNG.run(TestNG.java:1064)
	at org.testng.remote.RemoteTestNG.run(RemoteTestNG.java:113)
	at org.testng.remote.RemoteTestNG.initAndRun(RemoteTestNG.java:206)
	at org.testng.remote.RemoteTestNG.main(RemoteTestNG.java:177)
Caused by: java.lang.ArrayIndexOutOfBoundsException: 3
	at org.testng.internal.Invoker.injectParameters(Invoker.java:1251)
	... 17 more
]]>
            </full-stacktrace>
          </exception> <!-- org.testng.TestNGException -->
          <reporter-output>
          </reporter-output>
        </test-method> <!-- testRegisterByPhoneSuccess -->
        <test-method status="PASS" signature="testRegisterByPhoneSuccess(java.lang.String, java.lang.String, java.lang.String, java.lang.String)[pri:0, instance:jiaweiwen.register@45c8e616]" name="testRegisterByPhoneSuccess" duration-ms="20642" started-at="2019-12-12T15:09:04Z" description="手机注册" data-provider="register_name2" finished-at="2019-12-12T15:09:25Z">
          <params>
            <param index="0">
              <value>
                <![CDATA[18330919107@163.com]]>
              </value>
            </param>
            <param index="1">
              <value>
                <![CDATA[user1]]>
              </value>
            </param>
            <param index="2">
              <value>
                <![CDATA[user123456]]>
              </value>
            </param>
            <param index="3">
              <value>
                <![CDATA[直接登录]]>
              </value>
            </param>
          </params>
          <reporter-output>
          </reporter-output>
        </test-method> <!-- testRegisterByPhoneSuccess -->
        <test-method status="FAIL" signature="testRegisterByPhoneSuccess(java.lang.String, java.lang.String, java.lang.String, java.lang.String)[pri:0, instance:jiaweiwen.register@45c8e616]" name="testRegisterByPhoneSuccess" duration-ms="20632" started-at="2019-12-12T15:09:25Z" description="手机注册" data-provider="register_name2" finished-at="2019-12-12T15:09:45Z">
          <params>
            <param index="0">
              <value>
                <![CDATA[18731179962]]>
              </value>
            </param>
            <param index="1">
              <value>
                <![CDATA[a1]]>
              </value>
            </param>
            <param index="2">
              <value>
                <![CDATA[user123456]]>
              </value>
            </param>
            <param index="3">
              <value>
                <![CDATA[前往首页]]>
              </value>
            </param>
          </params>
          <exception class="java.lang.AssertionError">
            <message>
              <![CDATA[expected [true] but found [false]]]>
            </message>
            <full-stacktrace>
              <![CDATA[java.lang.AssertionError: expected [true] but found [false]
	at org.testng.Assert.fail(Assert.java:94)
	at org.testng.Assert.failNotEquals(Assert.java:513)
	at org.testng.Assert.assertTrue(Assert.java:42)
	at org.testng.Assert.assertTrue(Assert.java:52)
	at jiaweiwen.register.testRegisterByPhoneSuccess(register.java:66)
	at sun.reflect.NativeMethodAccessorImpl.invoke0(Native Method)
	at sun.reflect.NativeMethodAccessorImpl.invoke(NativeMethodAccessorImpl.java:62)
	at sun.reflect.DelegatingMethodAccessorImpl.invoke(DelegatingMethodAccessorImpl.java:43)
	at java.lang.reflect.Method.invoke(Method.java:497)
	at org.testng.internal.MethodInvocationHelper.invokeMethod(MethodInvocationHelper.java:86)
	at org.testng.internal.Invoker.invokeMethod(Invoker.java:645)
	at org.testng.internal.Invoker.invokeTestMethod(Invoker.java:822)
	at org.testng.internal.Invoker.invokeTestMethods(Invoker.java:1130)
	at org.testng.internal.TestMethodWorker.invokeTestMethods(TestMethodWorker.java:129)
	at org.testng.internal.TestMethodWorker.run(TestMethodWorker.java:112)
	at org.testng.TestRunner.privateRun(TestRunner.java:782)
	at org.testng.TestRunner.run(TestRunner.java:632)
	at org.testng.SuiteRunner.runTest(SuiteRunner.java:366)
	at org.testng.SuiteRunner.runSequentially(SuiteRunner.java:361)
	at org.testng.SuiteRunner.privateRun(SuiteRunner.java:319)
	at org.testng.SuiteRunner.run(SuiteRunner.java:268)
	at org.testng.SuiteRunnerWorker.runSuite(SuiteRunnerWorker.java:52)
	at org.testng.SuiteRunnerWorker.run(SuiteRunnerWorker.java:86)
	at org.testng.TestNG.runSuitesSequentially(TestNG.java:1244)
	at org.testng.TestNG.runSuitesLocally(TestNG.java:1169)
	at org.testng.TestNG.run(TestNG.java:1064)
	at org.testng.remote.RemoteTestNG.run(RemoteTestNG.java:113)
	at org.testng.remote.RemoteTestNG.initAndRun(RemoteTestNG.java:206)
	at org.testng.remote.RemoteTestNG.main(RemoteTestNG.java:177)
]]>
            </full-stacktrace>
          </exception> <!-- java.lang.AssertionError -->
          <reporter-output>
          </reporter-output>
        </test-method> <!-- testRegisterByPhoneSuccess -->
        <test-method status="PASS" signature="testRegisterByPhoneSuccess(java.lang.String, java.lang.String, java.lang.String, java.lang.String)[pri:0, instance:jiaweiwen.register@45c8e616]" name="testRegisterByPhoneSuccess" duration-ms="20724" started-at="2019-12-12T15:09:45Z" description="手机注册" data-provider="register_name2" finished-at="2019-12-12T15:10:06Z">
          <params>
            <param index="0">
              <value>
                <![CDATA[187311799631]]>
              </value>
            </param>
            <param index="1">
              <value>
                <![CDATA[a2]]>
              </value>
            </param>
            <param index="2">
              <value>
                <![CDATA[user123456]]>
              </value>
            </param>
            <param index="3">
              <value>
                <![CDATA[直接登录]]>
              </value>
            </param>
          </params>
          <reporter-output>
          </reporter-output>
        </test-method> <!-- testRegisterByPhoneSuccess -->
        <test-method status="FAIL" signature="testRegisterByPhoneSuccess(java.lang.String, java.lang.String, java.lang.String, java.lang.String)[pri:0, instance:jiaweiwen.register@45c8e616]" name="testRegisterByPhoneSuccess" duration-ms="20582" started-at="2019-12-12T15:10:06Z" description="手机注册" data-provider="register_name2" finished-at="2019-12-12T15:10:27Z">
          <params>
            <param index="0">
              <value>
                <![CDATA[18731373197]]>
              </value>
            </param>
            <param index="1">
              <value>
                <![CDATA[a3]]>
              </value>
            </param>
            <param index="2">
              <value>
                <![CDATA[user123456]]>
              </value>
            </param>
            <param index="3">
              <value>
                <![CDATA[前往首页]]>
              </value>
            </param>
          </params>
          <exception class="java.lang.AssertionError">
            <message>
              <![CDATA[expected [true] but found [false]]]>
            </message>
            <full-stacktrace>
              <![CDATA[java.lang.AssertionError: expected [true] but found [false]
	at org.testng.Assert.fail(Assert.java:94)
	at org.testng.Assert.failNotEquals(Assert.java:513)
	at org.testng.Assert.assertTrue(Assert.java:42)
	at org.testng.Assert.assertTrue(Assert.java:52)
	at jiaweiwen.register.testRegisterByPhoneSuccess(register.java:66)
	at sun.reflect.NativeMethodAccessorImpl.invoke0(Native Method)
	at sun.reflect.NativeMethodAccessorImpl.invoke(NativeMethodAccessorImpl.java:62)
	at sun.reflect.DelegatingMethodAccessorImpl.invoke(DelegatingMethodAccessorImpl.java:43)
	at java.lang.reflect.Method.invoke(Method.java:497)
	at org.testng.internal.MethodInvocationHelper.invokeMethod(MethodInvocationHelper.java:86)
	at org.testng.internal.Invoker.invokeMethod(Invoker.java:645)
	at org.testng.internal.Invoker.invokeTestMethod(Invoker.java:822)
	at org.testng.internal.Invoker.invokeTestMethods(Invoker.java:1130)
	at org.testng.internal.TestMethodWorker.invokeTestMethods(TestMethodWorker.java:129)
	at org.testng.internal.TestMethodWorker.run(TestMethodWorker.java:112)
	at org.testng.TestRunner.privateRun(TestRunner.java:782)
	at org.testng.TestRunner.run(TestRunner.java:632)
	at org.testng.SuiteRunner.runTest(SuiteRunner.java:366)
	at org.testng.SuiteRunner.runSequentially(SuiteRunner.java:361)
	at org.testng.SuiteRunner.privateRun(SuiteRunner.java:319)
	at org.testng.SuiteRunner.run(SuiteRunner.java:268)
	at org.testng.SuiteRunnerWorker.runSuite(SuiteRunnerWorker.java:52)
	at org.testng.SuiteRunnerWorker.run(SuiteRunnerWorker.java:86)
	at org.testng.TestNG.runSuitesSequentially(TestNG.java:1244)
	at org.testng.TestNG.runSuitesLocally(TestNG.java:1169)
	at org.testng.TestNG.run(TestNG.java:1064)
	at org.testng.remote.RemoteTestNG.run(RemoteTestNG.java:113)
	at org.testng.remote.RemoteTestNG.initAndRun(RemoteTestNG.java:206)
	at org.testng.remote.RemoteTestNG.main(RemoteTestNG.java:177)
]]>
            </full-stacktrace>
          </exception> <!-- java.lang.AssertionError -->
          <reporter-output>
          </reporter-output>
        </test-method> <!-- testRegisterByPhoneSuccess -->
        <test-method status="PASS" signature="testRegisterByPhoneSuccess(java.lang.String, java.lang.String, java.lang.String, java.lang.String)[pri:0, instance:jiaweiwen.register@45c8e616]" name="testRegisterByPhoneSuccess" duration-ms="20727" started-at="2019-12-12T15:10:27Z" description="手机注册" data-provider="register_name2" finished-at="2019-12-12T15:10:48Z">
          <params>
            <param index="0">
              <value>
                <![CDATA[]]>
              </value>
            </param>
            <param index="1">
              <value>
                <![CDATA[a4]]>
              </value>
            </param>
            <param index="2">
              <value>
                <![CDATA[user123456]]>
              </value>
            </param>
            <param index="3">
              <value>
                <![CDATA[直接登录]]>
              </value>
            </param>
          </params>
          <reporter-output>
          </reporter-output>
        </test-method> <!-- testRegisterByPhoneSuccess -->
        <test-method status="PASS" signature="testRegisterByPhoneSuccess(java.lang.String, java.lang.String, java.lang.String, java.lang.String)[pri:0, instance:jiaweiwen.register@45c8e616]" name="testRegisterByPhoneSuccess" duration-ms="20632" started-at="2019-12-12T15:10:48Z" description="手机注册" data-provider="register_name2" finished-at="2019-12-12T15:11:08Z">
          <params>
            <param index="0">
              <value>
                <![CDATA[13785984807]]>
              </value>
            </param>
            <param index="1">
              <value>
                <![CDATA[jiaweiwen]]>
              </value>
            </param>
            <param index="2">
              <value>
                <![CDATA[user123456]]>
              </value>
            </param>
            <param index="3">
              <value>
                <![CDATA[直接登录]]>
              </value>
            </param>
          </params>
          <reporter-output>
          </reporter-output>
        </test-method> <!-- testRegisterByPhoneSuccess -->
        <test-method status="PASS" signature="testRegisterByPhoneSuccess(java.lang.String, java.lang.String, java.lang.String, java.lang.String)[pri:0, instance:jiaweiwen.register@45c8e616]" name="testRegisterByPhoneSuccess" duration-ms="20621" started-at="2019-12-12T15:11:08Z" description="手机注册" data-provider="register_name2" finished-at="2019-12-12T15:11:29Z">
          <params>
            <param index="0">
              <value>
                <![CDATA[13785984807]]>
              </value>
            </param>
            <param index="1">
              <value>
                <![CDATA[￥￥￥￥￥￥￥]]>
              </value>
            </param>
            <param index="2">
              <value>
                <![CDATA[user123456]]>
              </value>
            </param>
            <param index="3">
              <value>
                <![CDATA[直接登录]]>
              </value>
            </param>
          </params>
          <reporter-output>
          </reporter-output>
[...]
          </reporter-output>
        </test-method> <!-- test57 -->
        <test-method status="PASS" signature="test42()[pri:41, instance:liumeining.DemoTest@35bbe5e8]" name="test42" duration-ms="9331" started-at="2019-12-12T16:40:28Z" description="打开前台" finished-at="2019-12-12T16:40:38Z">
          <reporter-output>
          </reporter-output>
        </test-method> <!-- test42 -->
        <test-method status="PASS" signature="doAfterClass()[pri:0, instance:liumeining.DemoTest@35bbe5e8]" name="doAfterClass" is-config="true" duration-ms="1728" started-at="2019-12-12T16:40:38Z" finished-at="2019-12-12T16:40:39Z">
          <reporter-output>
          </reporter-output>
        </test-method> <!-- doAfterClass -->
      </class> <!-- liumeining.DemoTest -->
      <class name="jiaweiwen.operation_tools">
        <test-method status="PASS" signature="doBeforeClass()[pri:0, instance:jiaweiwen.operation_tools@66d33a]" name="doBeforeClass" is-config="true" duration-ms="4140" started-at="2019-12-12T15:15:41Z" finished-at="2019-12-12T15:15:45Z">
          <reporter-output>
          </reporter-output>
        </test-method> <!-- doBeforeClass -->
        <test-method status="PASS" signature="operation_toolsSuccess()[pri:0, instance:jiaweiwen.operation_tools@66d33a]" name="operation_toolsSuccess" duration-ms="24211" started-at="2019-12-12T15:15:45Z" description="签到" finished-at="2019-12-12T15:16:10Z">
          <reporter-output>
          </reporter-output>
        </test-method> <!-- operation_toolsSuccess -->
        <test-method status="PASS" signature="operation_toolsSuccess11()[pri:0, instance:jiaweiwen.operation_tools@66d33a]" name="operation_toolsSuccess11" duration-ms="14973" started-at="2019-12-12T15:16:10Z" finished-at="2019-12-12T15:16:25Z">
          <reporter-output>
          </reporter-output>
        </test-method> <!-- operation_toolsSuccess11 -->
        <test-method status="PASS" signature="operation_toolsSuccess2()[pri:0, instance:jiaweiwen.operation_tools@66d33a]" name="operation_toolsSuccess2" duration-ms="21338" started-at="2019-12-12T15:16:25Z" finished-at="2019-12-12T15:16:46Z">
          <reporter-output>
          </reporter-output>
        </test-method> <!-- operation_toolsSuccess2 -->
        <test-method status="PASS" signature="operation_toolsSuccess3()[pri:0, instance:jiaweiwen.operation_tools@66d33a]" name="operation_toolsSuccess3" duration-ms="11551" started-at="2019-12-12T15:16:46Z" finished-at="2019-12-12T15:16:57Z">
          <reporter-output>
          </reporter-output>
        </test-method> <!-- operation_toolsSuccess3 -->
        <test-method status="PASS" signature="operation_toolsSuccess5()[pri:0, instance:jiaweiwen.operation_tools@66d33a]" name="operation_toolsSuccess5" duration-ms="16355" started-at="2019-12-12T15:16:57Z" finished-at="2019-12-12T15:17:14Z">
          <reporter-output>
          </reporter-output>
        </test-method> <!-- operation_toolsSuccess5 -->
        <test-method status="PASS" signature="operation_toolsSuccess6()[pri:0, instance:jiaweiwen.operation_tools@66d33a]" name="operation_toolsSuccess6" duration-ms="23922" started-at="2019-12-12T15:17:14Z" finished-at="2019-12-12T15:17:38Z">
          <reporter-output>
          </reporter-output>
        </test-method> <!-- operation_toolsSuccess6 -->
        <test-method status="PASS" signature="operation_toolsSuccess7()[pri:0, instance:jiaweiwen.operation_tools@66d33a]" name="operation_toolsSuccess7" duration-ms="23779" started-at="2019-12-12T15:17:38Z" finished-at="2019-12-12T15:18:01Z">
          <reporter-output>
          </reporter-output>
        </test-method> <!-- operation_toolsSuccess7 -->
        <test-method status="PASS" signature="operation_toolsSuccess8()[pri:0, instance:jiaweiwen.operation_tools@66d33a]" name="operation_toolsSuccess8" duration-ms="23136" started-at="2019-12-12T15:18:01Z" finished-at="2019-12-12T15:18:25Z">
          <reporter-output>
          </reporter-output>
        </test-method> <!-- operation_toolsSuccess8 -->
        <test-method status="PASS" signature="operation_toolsSuccess9()[pri:0, instance:jiaweiwen.operation_tools@66d33a]" name="operation_toolsSuccess9" duration-ms="14996" started-at="2019-12-12T15:18:25Z" finished-at="2019-12-12T15:18:40Z">
          <reporter-output>
          </reporter-output>
        </test-method> <!-- operation_toolsSuccess9 -->
        <test-method status="PASS" signature="doAfterClass()[pri:0, instance:jiaweiwen.operation_tools@66d33a]" name="doAfterClass" is-config="true" duration-ms="1494" started-at="2019-12-12T15:18:40Z" finished-at="2019-12-12T15:18:41Z">
          <reporter-output>
          </reporter-output>
        </test-method> <!-- doAfterClass -->
      </class> <!-- jiaweiwen.operation_tools -->
      <class name="jiaweiwen.login">
        <test-method status="PASS" signature="doBeforeClass()[pri:0, instance:jiaweiwen.login@4cdbe50f]" name="doBeforeClass" is-config="true" duration-ms="4963" started-at="2019-12-12T15:12:32Z" finished-at="2019-12-12T15:12:37Z">
          <reporter-output>
          </reporter-output>
        </test-method> <!-- doBeforeClass -->
        <test-method status="PASS" signature="testLogin(java.lang.String, java.lang.String, java.lang.String)[pri:0, instance:jiaweiwen.login@4cdbe50f]" name="testLogin" duration-ms="22555" started-at="2019-12-12T15:12:37Z" description="登录" data-provider="user_name" finished-at="2019-12-12T15:13:00Z">
          <params>
            <param index="0">
              <value>
                <![CDATA[1397486040@qq.com]]>
              </value>
            </param>
            <param index="1">
              <value>
                <![CDATA[123456]]>
              </value>
            </param>
            <param index="2">
              <value>
                <![CDATA[资讯]]>
              </value>
            </param>
          </params>
          <reporter-output>
          </reporter-output>
        </test-method> <!-- testLogin -->
        <test-method status="PASS" signature="testLogin(java.lang.String, java.lang.String, java.lang.String)[pri:0, instance:jiaweiwen.login@4cdbe50f]" name="testLogin" duration-ms="14584" started-at="2019-12-12T15:13:00Z" description="登录" data-provider="user_name" finished-at="2019-12-12T15:13:15Z">
          <params>
            <param index="0">
              <value>
                <![CDATA[1397486040@qq.com]]>
              </value>
            </param>
            <param index="1">
              <value>
                <![CDATA[jww18330919107]]>
              </value>
            </param>
            <param index="2">
              <value>
                <![CDATA[随便看看]]>
              </value>
            </param>
          </params>
          <reporter-output>
          </reporter-output>
        </test-method> <!-- testLogin -->
        <test-method status="PASS" signature="testLogin(java.lang.String, java.lang.String, java.lang.String)[pri:0, instance:jiaweiwen.login@4cdbe50f]" name="testLogin" duration-ms="14458" started-at="2019-12-12T15:13:15Z" description="登录" data-provider="user_name" finished-at="2019-12-12T15:13:29Z">
          <params>
            <param index="0">
              <value>
                <![CDATA[1397486@qq.com]]>
              </value>
            </param>
            <param index="1">
              <value>
                <![CDATA[123456]]>
              </value>
            </param>
            <param index="2">
              <value>
                <![CDATA[随便看看]]>
              </value>
            </param>
          </params>
          <reporter-output>
          </reporter-output>
        </test-method> <!-- testLogin -->
        <test-method status="PASS" signature="testLogin(java.lang.String, java.lang.String, java.lang.String)[pri:0, instance:jiaweiwen.login@4cdbe50f]" name="testLogin" duration-ms="14314" started-at="2019-12-12T15:13:29Z" description="登录" data-provider="user_name" finished-at="2019-12-12T15:13:43Z">
          <params>
            <param index="0">
              <value>
                <![CDATA[    ]]>
              </value>
            </param>
            <param index="1">
              <value>
                <![CDATA[123456]]>
              </value>
            </param>
            <param index="2">
              <value>
                <![CDATA[随便看看]]>
              </value>
            </param>
          </params>
          <reporter-output>
          </reporter-output>
        </test-method> <!-- testLogin -->
        <test-method status="PASS" signature="testLogin(java.lang.String, java.lang.String, java.lang.String)[pri:0, instance:jiaweiwen.login@4cdbe50f]" name="testLogin" duration-ms="14375" started-at="2019-12-12T15:13:43Z" description="登录" data-provider="user_name" finished-at="2019-12-12T15:13:58Z">
          <params>
            <param index="0">
              <value>
                <![CDATA[1397486040@qq.com]]>
              </value>
            </param>
            <param index="1">
              <value>
                <![CDATA[    ]]>
              </value>
            </param>
            <param index="2">
              <value>
                <![CDATA[随便看看]]>
              </value>
            </param>
          </params>
          <reporter-output>
          </reporter-output>
        </test-method> <!-- testLogin -->
        <test-method status="FAIL" signature="testLogin(java.lang.String, java.lang.String, java.lang.String)[pri:0, instance:jiaweiwen.login@4cdbe50f]" name="testLogin" duration-ms="14411" started-at="2019-12-12T15:13:58Z" description="登录" data-provider="user_name" finished-at="2019-12-12T15:14:12Z">
          <params>
            <param index="0">
              <value>
                <![CDATA[1397486040@qq.COM]]>
              </value>
            </param>
            <param index="1">
              <value>
                <![CDATA[123456]]>
              </value>
            </param>
            <param index="2">
              <value>
                <![CDATA[随便看看]]>
              </value>
            </param>
          </params>
          <exception class="java.lang.AssertionError">
            <message>
              <![CDATA[expected [true] but found [false]]]>
            </message>
            <full-stacktrace>
              <![CDATA[java.lang.AssertionError: expected [true] but found [false]
	at org.testng.Assert.fail(Assert.java:94)
	at org.testng.Assert.failNotEquals(Assert.java:513)
	at org.testng.Assert.assertTrue(Assert.java:42)
	at org.testng.Assert.assertTrue(Assert.java:52)
	at jiaweiwen.login.testLogin(login.java:46)
	at sun.reflect.NativeMethodAccessorImpl.invoke0(Native Method)
	at sun.reflect.NativeMethodAccessorImpl.invoke(NativeMethodAccessorImpl.java:62)
	at sun.reflect.DelegatingMethodAccessorImpl.invoke(DelegatingMethodAccessorImpl.java:43)
	at java.lang.reflect.Method.invoke(Method.java:497)
	at org.testng.internal.MethodInvocationHelper.invokeMethod(MethodInvocationHelper.java:86)
	at org.testng.internal.Invoker.invokeMethod(Invoker.java:645)
	at org.testng.internal.Invoker.invokeTestMethod(Invoker.java:822)
	at org.testng.internal.Invoker.invokeTestMethods(Invoker.java:1130)
	at org.testng.internal.TestMethodWorker.invokeTestMethods(TestMethodWorker.java:129)
	at org.testng.internal.TestMethodWorker.run(TestMethodWorker.java:112)
	at org.testng.TestRunner.privateRun(TestRunner.java:782)
	at org.testng.TestRunner.run(TestRunner.java:632)
	at org.testng.SuiteRunner.runTest(SuiteRunner.java:366)
	at org.testng.SuiteRunner.runSequentially(SuiteRunner.java:361)
	at org.testng.SuiteRunner.privateRun(SuiteRunner.java:319)
	at org.testng.SuiteRunner.run(SuiteRunner.java:268)
	at org.testng.SuiteRunnerWorker.runSuite(SuiteRunnerWorker.java:52)
	at org.testng.SuiteRunnerWorker.run(SuiteRunnerWorker.java:86)
	at org.testng.TestNG.runSuitesSequentially(TestNG.java:1244)
	at org.testng.TestNG.runSuitesLocally(TestNG.java:1169)
	at org.testng.TestNG.run(TestNG.java:1064)
	at org.testng.remote.RemoteTestNG.run(RemoteTestNG.java:113)
	at org.testng.remote.RemoteTestNG.initAndRun(RemoteTestNG.java:206)
	at org.testng.remote.RemoteTestNG.main(RemoteTestNG.java:177)
]]>
            </full-stacktrace>
          </exception> <!-- java.lang.AssertionError -->
          <reporter-output>
          </reporter-output>
        </test-method> <!-- testLogin -->
        <test-method status="PASS" signature="testLogin(java.lang.String, java.lang.String, java.lang.String)[pri:0, instance:jiaweiwen.login@4cdbe50f]" name="testLogin" duration-ms="14224" started-at="2019-12-12T15:14:12Z" description="登录" data-provider="user_name" finished-at="2019-12-12T15:14:26Z">
          <params>
            <param index="0">
              <value>
                <![CDATA[feng]]>
              </value>
            </param>
            <param index="1">
              <value>
                <![CDATA[123456]]>
              </value>
            </param>
            <param index="2">
              <value>
                <![CDATA[资讯]]>
              </value>
            </param>
          </params>
          <reporter-output>
          </reporter-output>
        </test-method> <!-- testLogin -->
        <test-method status="PASS" signature="testLogin(java.lang.String, java.lang.String, java.lang.String)[pri:0, instance:jiaweiwen.login@4cdbe50f]" name="testLogin" duration-ms="16591" started-at="2019-12-12T15:14:26Z" description="登录" data-provider="user_name" finished-at="2019-12-12T15:14:43Z">
          <params>
            <param index="0">
              <value>
                <![CDATA[feng]]>
              </value>
            </param>
            <param index="1">
              <value>
                <![CDATA[1234561]]>
              </value>
            </param>
            <param index="2">
              <value>
                <![CDATA[随便看看]]>
              </value>
            </param>
          </params>
          <reporter-output>
          </reporter-output>
        </test-method> <!-- testLogin -->
        <test-method status="FAIL" signature="testLogin(java.lang.String, java.lang.String, java.lang.String)[pri:0, instance:jiaweiwen.login@4cdbe50f]" name="testLogin" duration-ms="14313" started-at="2019-12-12T15:14:43Z" description="登录" data-provider="user_name" finished-at="2019-12-12T15:14:57Z">
          <params>
            <param index="0">
              <value>
                <![CDATA[Feng]]>
              </value>
            </param>
            <param index="1">
              <value>
                <![CDATA[123456]]>
              </value>
            </param>
            <param index="2">
              <value>
                <![CDATA[随便看看]]>
              </value>
            </param>
          </params>
          <exception class="java.lang.AssertionError">
            <message>
              <![CDATA[expected [true] but found [false]]]>
            </message>
            <full-stacktrace>
              <![CDATA[java.lang.AssertionError: expected [true] but found [false]
	at org.testng.Assert.fail(Assert.java:94)
	at org.testng.Assert.failNotEquals(Assert.java:513)
	at org.testng.Assert.assertTrue(Assert.java:42)
	at org.testng.Assert.assertTrue(Assert.java:52)
	at jiaweiwen.login.testLogin(login.java:46)
	at sun.reflect.NativeMethodAccessorImpl.invoke0(Native Method)
	at sun.reflect.NativeMethodAccessorImpl.invoke(NativeMethodAccessorImpl.java:62)
	at sun.reflect.DelegatingMethodAccessorImpl.invoke(DelegatingMethodAccessorImpl.java:43)
	at java.lang.reflect.Method.invoke(Method.java:497)
	at org.testng.internal.MethodInvocationHelper.invokeMethod(MethodInvocationHelper.java:86)
	at org.testng.internal.Invoker.invokeMethod(Invoker.java:645)
	at org.testng.internal.Invoker.invokeTestMethod(Invoker.java:822)
	at org.testng.internal.Invoker.invokeTestMethods(Invoker.java:1130)
	at org.testng.internal.TestMethodWorker.invokeTestMethods(TestMethodWorker.java:129)
	at org.testng.internal.TestMethodWorker.run(TestMethodWorker.java:112)
	at org.testng.TestRunner.privateRun(TestRunner.java:782)
	at org.testng.TestRunner.run(TestRunner.java:632)
	at org.testng.SuiteRunner.runTest(SuiteRunner.java:366)
	at org.testng.SuiteRunner.runSequentially(SuiteRunner.java:361)
	at org.testng.SuiteRunner.privateRun(SuiteRunner.java:319)
	at org.testng.SuiteRunner.run(SuiteRunner.java:268)
	at org.testng.SuiteRunnerWorker.runSuite(SuiteRunnerWorker.java:52)
	at org.testng.SuiteRunnerWorker.run(SuiteRunnerWorker.java:86)
	at org.testng.TestNG.runSuitesSequentially(TestNG.java:1244)
	at org.testng.TestNG.runSuitesLocally(TestNG.java:1169)
	at org.testng.TestNG.run(TestNG.java:1064)
	at org.testng.remote.RemoteTestNG.run(RemoteTestNG.java:113)
	at org.testng.remote.RemoteTestNG.initAndRun(RemoteTestNG.java:206)
	at org.testng.remote.RemoteTestNG.main(RemoteTestNG.java:177)
]]>
            </full-stacktrace>
          </exception> <!-- java.lang.AssertionError -->
          <reporter-output>
          </reporter-output>
        </test-method> <!-- testLogin -->
        <test-method status="PASS" signature="testLogin(java.lang.String, java.lang.String, java.lang.String)[pri:0, instance:jiaweiwen.login@4cdbe50f]" name="testLogin" duration-ms="14165" started-at="2019-12-12T15:14:57Z" description="登录" data-provider="user_name" finished-at="2019-12-12T15:15:11Z">
          <params>
            <param index="0">
              <value>
                <![CDATA[15031372771]]>
              </value>
            </param>
            <param index="1">
              <value>
                <![CDATA[123456]]>
              </value>
            </param>
            <param index="2">
              <value>
                <![CDATA[资讯]]>
              </value>
            </param>
          </params>
          <reporter-output>
          </reporter-output>
        </test-method> <!-- testLogin -->
        <test-method status="PASS" signature="testLogin(java.lang.String, java.lang.String, java.lang.String)[pri:0, instance:jiaweiwen.login@4cdbe50f]" name="testLogin" duration-ms="14314" started-at="2019-12-12T15:15:11Z" description="登录" data-provider="user_name" finished-at="2019-12-12T15:15:26Z">
          <params>
            <param index="0">
              <value>
                <![CDATA[15031372772]]>
              </value>
            </param>
            <param index="1">
              <value>
                <![CDATA[123456]]>
              </value>
            </param>
            <param index="2">
              <value>
                <![CDATA[随便看看]]>
              </value>
            </param>
          </params>
          <reporter-output>
          </reporter-output>
        </test-method> <!-- testLogin -->
        <test-method status="PASS" signature="testLogin(java.lang.String, java.lang.String, java.lang.String)[pri:0, instance:jiaweiwen.login@4cdbe50f]" name="testLogin" duration-ms="14362" started-at="2019-12-12T15:15:26Z" description="登录" data-provider="user_name" finished-at="2019-12-12T15:15:40Z">
          <params>
            <param index="0">
              <value>
                <![CDATA[15031372771]]>
              </value>
            </param>
            <param index="1">
              <value>
                <![CDATA[123455]]>
              </value>
            </param>
            <param index="2">
              <value>
                <![CDATA[随便看看]]>
              </value>
            </param>
          </params>
          <reporter-output>
          </reporter-output>
        </test-method> <!-- testLogin -->
        <test-method status="PASS" signature="doAfterClass()[pri:0, instance:jiaweiwen.login@4cdbe50f]" name="doAfterClass" is-config="true" duration-ms="1116" started-at="2019-12-12T15:15:40Z" finished-at="2019-12-12T15:15:41Z">
          <reporter-output>
          </reporter-output>
        </test-method> <!-- doAfterClass -->
      </class> <!-- jiaweiwen.login -->
    </test> <!-- test -->
  </suite> <!-- Suite1 -->
</testng-results>
