<?xml version="1.0" encoding="UTF-8"?>
<testng-results skipped="0" failed="0" total="3" passed="3">
  <reporter-output>
  </reporter-output>
  <suite name="Default suite" duration-ms="79390" started-at="2019-12-16T03:48:54Z" finished-at="2019-12-16T03:50:13Z">
    <groups>
    </groups>
    <test name="Default test" duration-ms="79390" started-at="2019-12-16T03:48:54Z" finished-at="2019-12-16T03:50:13Z">
      <class name="fengrao.Demo1">
        <test-method status="PASS" signature="doBeforeClass()[pri:0, instance:fengrao.Demo1@3c5a99da]" name="doBeforeClass" is-config="true" duration-ms="8591" started-at="2019-12-16T11:48:54Z" finished-at="2019-12-16T11:49:02Z">
          <reporter-output>
          </reporter-output>
        </test-method> <!-- doBeforeClass -->
        <test-method status="PASS" signature="login()[pri:0, instance:fengrao.Demo1@3c5a99da]" name="login" is-config="true" duration-ms="24130" started-at="2019-12-16T11:49:02Z" finished-at="2019-12-16T11:49:26Z">
          <reporter-output>
          </reporter-output>
        </test-method> <!-- login -->
        <test-method status="PASS" signature="HandlePeople1(java.lang.String)[pri:0, instance:fengrao.Demo1@3c5a99da]" name="HandlePeople1" duration-ms="15705" started-at="2019-12-16T11:49:28Z" description="进入用户个人主页取消关注" data-provider="TestData" finished-at="2019-12-16T11:49:44Z">
          <params>
            <param index="0">
              <value>
                <![CDATA[feng1]]>
              </value>
            </param>
          </params>
          <reporter-output>
          </reporter-output>
        </test-method> <!-- HandlePeople1 -->
        <test-method status="PASS" signature="HandlePeople1(java.lang.String)[pri:0, instance:fengrao.Demo1@3c5a99da]" name="HandlePeople1" duration-ms="13572" started-at="2019-12-16T11:49:44Z" description="进入用户个人主页取消关注" data-provider="TestData" finished-at="2019-12-16T11:49:57Z">
          <params>
            <param index="0">
              <value>
                <![CDATA[feng2]]>
              </value>
            </param>
          </params>
          <reporter-output>
          </reporter-output>
        </test-method> <!-- HandlePeople1 -->
        <test-method status="PASS" signature="HandlePeople1(java.lang.String)[pri:0, instance:fengrao.Demo1@3c5a99da]" name="HandlePeople1" duration-ms="13690" started-at="2019-12-16T11:49:57Z" description="进入用户个人主页取消关注" data-provider="TestData" finished-at="2019-12-16T11:50:11Z">
          <params>
            <param index="0">
              <value>
                <![CDATA[feng3]]>
              </value>
            </param>
          </params>
          <reporter-output>
          </reporter-output>
        </test-method> <!-- HandlePeople1 -->
        <test-method status="PASS" signature="doAfterClass()[pri:0, instance:fengrao.Demo1@3c5a99da]" name="doAfterClass" is-config="true" duration-ms="2159" started-at="2019-12-16T11:50:11Z" finished-at="2019-12-16T11:50:13Z">
          <reporter-output>
          </reporter-output>
        </test-method> <!-- doAfterClass -->
      </class> <!-- fengrao.Demo1 -->
    </test> <!-- Default test -->
  </suite> <!-- Default suite -->
</testng-results>
