<?xml version="1.0" encoding="UTF-8"?>
<!-- Generated by org.testng.reporters.JUnitXMLReporter -->
<testsuite hostname="DESKTOP-AS0ON8I" ignored="0" name="test1" tests="1" failures="0" timestamp="14 十一月 2019 09:05:10 GMT" time="0.32" errors="0">
  <testcase name="@BeforeClass doBeforeClass" time="0.292" classname="com.webtest.core.BaseTest">
    <failure type="java.lang.IllegalStateException" message="The driver executable does not exist: E:\ceshijdk\geckodriver.exe">
      <![CDATA[java.lang.IllegalStateException: The driver executable does not exist: E:\ceshijdk\geckodriver.exe
at com.google.common.base.Preconditions.checkState(Preconditions.java:585)
at org.openqa.selenium.remote.service.DriverService.checkExecutable(DriverService.java:146)
at org.openqa.selenium.remote.service.DriverService.findExecutable(DriverService.java:141)
at org.openqa.selenium.firefox.GeckoDriverService.access$100(GeckoDriverService.java:44)
at org.openqa.selenium.firefox.GeckoDriverService$Builder.findDefaultExecutable(GeckoDriverService.java:167)
at org.openqa.selenium.remote.service.DriverService$Builder.build(DriverService.java:355)
at org.openqa.selenium.firefox.FirefoxDriver.toExecutor(FirefoxDriver.java:190)
at org.openqa.selenium.firefox.FirefoxDriver.<init>(FirefoxDriver.java:147)
at org.openqa.selenium.firefox.FirefoxDriver.<init>(FirefoxDriver.java:125)
at com.webtest.core.BaseTest.newWebDriver(BaseTest.java:48)
at com.webtest.core.BaseTest.doBeforeClass(BaseTest.java:79)
... Removed 26 stack frames]]>
    </failure>
  </testcase> <!-- @BeforeClass doBeforeClass -->
  <testcase name="testLogin" time="0.0" classname="com.webtest.demo.Admin_Login">
    <skipped/>
  </testcase> <!-- testLogin -->
</testsuite> <!-- test1 -->
