<?xml version="1.0" encoding="UTF-8"?>
<testng-results ignored="0" total="1" passed="1" failed="0" skipped="0">
  <reporter-output>
  </reporter-output>
  <suite started-at="2019-11-14T16:41:50 GMT+08:00" name="Default suite" finished-at="2019-11-14T16:41:50 GMT+08:00" duration-ms="59">
    <groups>
    </groups>
    <test started-at="2019-11-14T16:41:50 GMT+08:00" name="Default test" finished-at="2019-11-14T16:41:50 GMT+08:00" duration-ms="59">
      <class name="com.edu.test.Demo1">
        <test-method signature="t1()[pri:0, instance:com.edu.test.Demo1@87a85e1]" started-at="2019-11-14T16:41:50 GMT+08:00" name="t1" finished-at="2019-11-14T16:41:50 GMT+08:00" duration-ms="14" status="PASS">
          <reporter-output>
          </reporter-output>
        </test-method> <!-- t1 -->
      </class> <!-- com.edu.test.Demo1 -->
    </test> <!-- Default test -->
  </suite> <!-- Default suite -->
</testng-results>
